{"/app/src/ToolNexus.Web/wwwroot/js/tools/case-converter.js": {"path":"/app/src/ToolNexus.Web/wwwroot/js/tools/case-converter.js","statementMap":{"0":{"start":{"line":5,"column":21},"end":{"line":18,"column":2}},"1":{"start":{"line":20,"column":23},"end":{"line":24,"column":2}},"2":{"start":{"line":26,"column":23},"end":{"line":26,"column":45}},"3":{"start":{"line":27,"column":16},"end":{"line":27,"column":32}},"4":{"start":{"line":28,"column":24},"end":{"line":33,"column":1}},"5":{"start":{"line":35,"column":22},"end":{"line":35,"column":58}},"6":{"start":{"line":38,"column":27},"end":{"line":38,"column":80}},"7":{"start":{"line":39,"column":24},"end":{"line":39,"column":76}},"8":{"start":{"line":40,"column":2},"end":{"line":40,"column":75}},"9":{"start":{"line":43,"column":14},"end":{"line":66,"column":1}},"10":{"start":{"line":45,"column":4},"end":{"line":45,"column":49}},"11":{"start":{"line":49,"column":4},"end":{"line":49,"column":46}},"12":{"start":{"line":53,"column":4},"end":{"line":53,"column":52}},"13":{"start":{"line":57,"column":4},"end":{"line":57,"column":25}},"14":{"start":{"line":57,"column":15},"end":{"line":57,"column":25}},"15":{"start":{"line":58,"column":29},"end":{"line":58,"column":38}},"16":{"start":{"line":59,"column":4},"end":{"line":59,"column":78}},"17":{"start":{"line":63,"column":18},"end":{"line":63,"column":48}},"18":{"start":{"line":64,"column":4},"end":{"line":64,"column":30}},"19":{"start":{"line":68,"column":19},"end":{"line":81,"column":1}},"20":{"start":{"line":70,"column":23},"end":{"line":70,"column":89}},"21":{"start":{"line":71,"column":4},"end":{"line":74,"column":18}},"22":{"start":{"line":73,"column":21},"end":{"line":73,"column":51}},"23":{"start":{"line":78,"column":4},"end":{"line":78,"column":32}},"24":{"start":{"line":78,"column":22},"end":{"line":78,"column":32}},"25":{"start":{"line":79,"column":4},"end":{"line":79,"column":71}},"26":{"start":{"line":83,"column":15},"end":{"line":103,"column":1}},"27":{"start":{"line":85,"column":4},"end":{"line":85,"column":25}},"28":{"start":{"line":85,"column":15},"end":{"line":85,"column":25}},"29":{"start":{"line":87,"column":27},"end":{"line":91,"column":44}},"30":{"start":{"line":93,"column":4},"end":{"line":101,"column":10}},"31":{"start":{"line":95,"column":21},"end":{"line":95,"column":32}},"32":{"start":{"line":97,"column":22},"end":{"line":101,"column":7}},"33":{"start":{"line":105,"column":15},"end":{"line":205,"column":1}},"34":{"start":{"line":107,"column":27},"end":{"line":107,"column":48}},"35":{"start":{"line":108,"column":28},"end":{"line":108,"column":60}},"36":{"start":{"line":109,"column":18},"end":{"line":109,"column":45}},"37":{"start":{"line":111,"column":19},"end":{"line":113,"column":17}},"38":{"start":{"line":112,"column":21},"end":{"line":112,"column":61}},"39":{"start":{"line":115,"column":4},"end":{"line":115,"column":18}},"40":{"start":{"line":119,"column":4},"end":{"line":119,"column":25}},"41":{"start":{"line":119,"column":15},"end":{"line":119,"column":25}},"42":{"start":{"line":120,"column":18},"end":{"line":120,"column":38}},"43":{"start":{"line":122,"column":4},"end":{"line":149,"column":5}},"44":{"start":{"line":124,"column":8},"end":{"line":124,"column":40}},"45":{"start":{"line":126,"column":8},"end":{"line":126,"column":40}},"46":{"start":{"line":128,"column":8},"end":{"line":128,"column":107}},"47":{"start":{"line":128,"column":36},"end":{"line":128,"column":94}},"48":{"start":{"line":130,"column":8},"end":{"line":130,"column":44}},"49":{"start":{"line":132,"column":8},"end":{"line":132,"column":41}},"50":{"start":{"line":134,"column":8},"end":{"line":134,"column":42}},"51":{"start":{"line":136,"column":8},"end":{"line":136,"column":59}},"52":{"start":{"line":138,"column":8},"end":{"line":138,"column":59}},"53":{"start":{"line":140,"column":8},"end":{"line":140,"column":59}},"54":{"start":{"line":142,"column":8},"end":{"line":142,"column":59}},"55":{"start":{"line":144,"column":8},"end":{"line":144,"column":59}},"56":{"start":{"line":146,"column":8},"end":{"line":146,"column":46}},"57":{"start":{"line":148,"column":8},"end":{"line":148,"column":59}},"58":{"start":{"line":153,"column":4},"end":{"line":153,"column":38}},"59":{"start":{"line":153,"column":28},"end":{"line":153,"column":38}},"60":{"start":{"line":155,"column":4},"end":{"line":161,"column":17}},"61":{"start":{"line":157,"column":8},"end":{"line":157,"column":42}},"62":{"start":{"line":157,"column":26},"end":{"line":157,"column":42}},"63":{"start":{"line":158,"column":8},"end":{"line":158,"column":65}},"64":{"start":{"line":158,"column":25},"end":{"line":158,"column":65}},"65":{"start":{"line":159,"column":8},"end":{"line":159,"column":26}},"66":{"start":{"line":165,"column":4},"end":{"line":165,"column":38}},"67":{"start":{"line":165,"column":28},"end":{"line":165,"column":38}},"68":{"start":{"line":167,"column":4},"end":{"line":172,"column":16}},"69":{"start":{"line":169,"column":8},"end":{"line":169,"column":43}},"70":{"start":{"line":169,"column":25},"end":{"line":169,"column":43}},"71":{"start":{"line":170,"column":8},"end":{"line":170,"column":74}},"72":{"start":{"line":176,"column":4},"end":{"line":178,"column":16}},"73":{"start":{"line":177,"column":22},"end":{"line":177,"column":80}},"74":{"start":{"line":182,"column":4},"end":{"line":187,"column":23}},"75":{"start":{"line":184,"column":8},"end":{"line":184,"column":69}},"76":{"start":{"line":184,"column":31},"end":{"line":184,"column":69}},"77":{"start":{"line":185,"column":8},"end":{"line":185,"column":26}},"78":{"start":{"line":191,"column":19},"end":{"line":191,"column":23}},"79":{"start":{"line":192,"column":17},"end":{"line":192,"column":19}},"80":{"start":{"line":194,"column":4},"end":{"line":201,"column":5}},"81":{"start":{"line":195,"column":6},"end":{"line":200,"column":7}},"82":{"start":{"line":196,"column":8},"end":{"line":196,"column":81}},"83":{"start":{"line":197,"column":8},"end":{"line":197,"column":29}},"84":{"start":{"line":199,"column":8},"end":{"line":199,"column":23}},"85":{"start":{"line":203,"column":4},"end":{"line":203,"column":18}},"86":{"start":{"line":207,"column":21},"end":{"line":212,"column":1}},"87":{"start":{"line":209,"column":4},"end":{"line":209,"column":52}},"88":{"start":{"line":210,"column":4},"end":{"line":210,"column":80}},"89":{"start":{"line":216,"column":4},"end":{"line":216,"column":21}},"90":{"start":{"line":217,"column":4},"end":{"line":217,"column":27}},"91":{"start":{"line":217,"column":20},"end":{"line":217,"column":27}},"92":{"start":{"line":219,"column":4},"end":{"line":219,"column":57}},"93":{"start":{"line":220,"column":4},"end":{"line":220,"column":59}},"94":{"start":{"line":221,"column":4},"end":{"line":221,"column":65}},"95":{"start":{"line":222,"column":4},"end":{"line":222,"column":53}},"96":{"start":{"line":223,"column":4},"end":{"line":223,"column":55}},"97":{"start":{"line":224,"column":4},"end":{"line":224,"column":65}},"98":{"start":{"line":226,"column":4},"end":{"line":226,"column":27}},"99":{"start":{"line":227,"column":4},"end":{"line":227,"column":31}},"100":{"start":{"line":228,"column":4},"end":{"line":228,"column":49}},"101":{"start":{"line":229,"column":4},"end":{"line":229,"column":43}},"102":{"start":{"line":233,"column":4},"end":{"line":233,"column":64}},"103":{"start":{"line":233,"column":57},"end":{"line":233,"column":64}},"104":{"start":{"line":235,"column":4},"end":{"line":235,"column":36}},"105":{"start":{"line":236,"column":4},"end":{"line":236,"column":32}},"106":{"start":{"line":237,"column":4},"end":{"line":237,"column":22}},"107":{"start":{"line":238,"column":4},"end":{"line":238,"column":25}},"108":{"start":{"line":239,"column":4},"end":{"line":239,"column":30}},"109":{"start":{"line":240,"column":4},"end":{"line":240,"column":23}},"110":{"start":{"line":244,"column":20},"end":{"line":244,"column":68}},"111":{"start":{"line":245,"column":4},"end":{"line":247,"column":5}},"112":{"start":{"line":246,"column":6},"end":{"line":246,"column":135}},"113":{"start":{"line":249,"column":24},"end":{"line":249,"column":78}},"114":{"start":{"line":250,"column":4},"end":{"line":263,"column":5}},"115":{"start":{"line":251,"column":6},"end":{"line":262,"column":9}},"116":{"start":{"line":267,"column":22},"end":{"line":280,"column":6}},"117":{"start":{"line":282,"column":18},"end":{"line":282,"column":84}},"118":{"start":{"line":282,"column":75},"end":{"line":282,"column":82}},"119":{"start":{"line":283,"column":4},"end":{"line":289,"column":5}},"120":{"start":{"line":284,"column":6},"end":{"line":284,"column":37}},"121":{"start":{"line":284,"column":28},"end":{"line":284,"column":37}},"122":{"start":{"line":285,"column":21},"end":{"line":285,"column":68}},"123":{"start":{"line":286,"column":6},"end":{"line":286,"column":27}},"124":{"start":{"line":287,"column":6},"end":{"line":287,"column":33}},"125":{"start":{"line":288,"column":6},"end":{"line":288,"column":44}},"126":{"start":{"line":291,"column":4},"end":{"line":293,"column":5}},"127":{"start":{"line":292,"column":6},"end":{"line":292,"column":56}},"128":{"start":{"line":295,"column":23},"end":{"line":295,"column":66}},"129":{"start":{"line":296,"column":4},"end":{"line":296,"column":28}},"130":{"start":{"line":296,"column":21},"end":{"line":296,"column":28}},"131":{"start":{"line":298,"column":4},"end":{"line":305,"column":7}},"132":{"start":{"line":299,"column":21},"end":{"line":299,"column":68}},"133":{"start":{"line":300,"column":6},"end":{"line":300,"column":29}},"134":{"start":{"line":301,"column":6},"end":{"line":301,"column":71}},"135":{"start":{"line":302,"column":6},"end":{"line":302,"column":37}},"136":{"start":{"line":303,"column":6},"end":{"line":303,"column":59}},"137":{"start":{"line":304,"column":6},"end":{"line":304,"column":37}},"138":{"start":{"line":309,"column":23},"end":{"line":309,"column":68}},"139":{"start":{"line":310,"column":21},"end":{"line":310,"column":62}},"140":{"start":{"line":311,"column":20},"end":{"line":311,"column":59}},"141":{"start":{"line":312,"column":20},"end":{"line":312,"column":59}},"142":{"start":{"line":313,"column":19},"end":{"line":313,"column":46}},"143":{"start":{"line":315,"column":4},"end":{"line":319,"column":19}},"144":{"start":{"line":316,"column":6},"end":{"line":316,"column":27}},"145":{"start":{"line":317,"column":6},"end":{"line":317,"column":32}},"146":{"start":{"line":318,"column":6},"end":{"line":318,"column":46}},"147":{"start":{"line":318,"column":27},"end":{"line":318,"column":46}},"148":{"start":{"line":321,"column":4},"end":{"line":324,"column":19}},"149":{"start":{"line":322,"column":6},"end":{"line":322,"column":35}},"150":{"start":{"line":323,"column":6},"end":{"line":323,"column":46}},"151":{"start":{"line":323,"column":27},"end":{"line":323,"column":46}},"152":{"start":{"line":326,"column":4},"end":{"line":329,"column":19}},"153":{"start":{"line":327,"column":6},"end":{"line":327,"column":43}},"154":{"start":{"line":328,"column":6},"end":{"line":328,"column":46}},"155":{"start":{"line":328,"column":27},"end":{"line":328,"column":46}},"156":{"start":{"line":331,"column":4},"end":{"line":337,"column":19}},"157":{"start":{"line":332,"column":6},"end":{"line":332,"column":28}},"158":{"start":{"line":333,"column":6},"end":{"line":333,"column":27}},"159":{"start":{"line":334,"column":6},"end":{"line":334,"column":32}},"160":{"start":{"line":335,"column":6},"end":{"line":335,"column":25}},"161":{"start":{"line":336,"column":6},"end":{"line":336,"column":25}},"162":{"start":{"line":339,"column":4},"end":{"line":347,"column":19}},"163":{"start":{"line":340,"column":20},"end":{"line":340,"column":36}},"164":{"start":{"line":341,"column":21},"end":{"line":341,"column":45}},"165":{"start":{"line":342,"column":6},"end":{"line":342,"column":32}},"166":{"start":{"line":343,"column":6},"end":{"line":343,"column":49}},"167":{"start":{"line":343,"column":23},"end":{"line":343,"column":49}},"168":{"start":{"line":344,"column":6},"end":{"line":344,"column":27}},"169":{"start":{"line":345,"column":6},"end":{"line":345,"column":32}},"170":{"start":{"line":346,"column":6},"end":{"line":346,"column":25}},"171":{"start":{"line":349,"column":4},"end":{"line":357,"column":19}},"172":{"start":{"line":350,"column":21},"end":{"line":350,"column":33}},"173":{"start":{"line":351,"column":6},"end":{"line":351,"column":51}},"174":{"start":{"line":351,"column":44},"end":{"line":351,"column":51}},"175":{"start":{"line":352,"column":28},"end":{"line":352,"column":56}},"176":{"start":{"line":353,"column":6},"end":{"line":353,"column":33}},"177":{"start":{"line":353,"column":26},"end":{"line":353,"column":33}},"178":{"start":{"line":354,"column":6},"end":{"line":354,"column":46}},"179":{"start":{"line":355,"column":6},"end":{"line":355,"column":35}},"180":{"start":{"line":356,"column":6},"end":{"line":356,"column":25}},"181":{"start":{"line":359,"column":4},"end":{"line":365,"column":19}},"182":{"start":{"line":360,"column":21},"end":{"line":360,"column":64}},"183":{"start":{"line":361,"column":6},"end":{"line":361,"column":57}},"184":{"start":{"line":361,"column":50},"end":{"line":361,"column":57}},"185":{"start":{"line":362,"column":6},"end":{"line":362,"column":81}},"186":{"start":{"line":363,"column":6},"end":{"line":363,"column":35}},"187":{"start":{"line":364,"column":6},"end":{"line":364,"column":25}},"188":{"start":{"line":367,"column":4},"end":{"line":385,"column":7}},"189":{"start":{"line":370,"column":8},"end":{"line":370,"column":54}},"190":{"start":{"line":370,"column":47},"end":{"line":370,"column":54}},"191":{"start":{"line":371,"column":20},"end":{"line":371,"column":43}},"192":{"start":{"line":372,"column":8},"end":{"line":378,"column":9}},"193":{"start":{"line":373,"column":10},"end":{"line":373,"column":33}},"194":{"start":{"line":374,"column":10},"end":{"line":374,"column":32}},"195":{"start":{"line":375,"column":10},"end":{"line":375,"column":31}},"196":{"start":{"line":376,"column":10},"end":{"line":376,"column":36}},"197":{"start":{"line":377,"column":10},"end":{"line":377,"column":29}},"198":{"start":{"line":380,"column":8},"end":{"line":383,"column":9}},"199":{"start":{"line":381,"column":10},"end":{"line":381,"column":59}},"200":{"start":{"line":382,"column":10},"end":{"line":382,"column":85}},"201":{"start":{"line":382,"column":27},"end":{"line":382,"column":78}},"202":{"start":{"line":387,"column":4},"end":{"line":387,"column":33}},"203":{"start":{"line":391,"column":20},"end":{"line":391,"column":59}},"204":{"start":{"line":392,"column":4},"end":{"line":392,"column":25}},"205":{"start":{"line":392,"column":18},"end":{"line":392,"column":25}},"206":{"start":{"line":394,"column":18},"end":{"line":394,"column":40}},"207":{"start":{"line":395,"column":18},"end":{"line":395,"column":35}},"208":{"start":{"line":396,"column":18},"end":{"line":396,"column":45}},"209":{"start":{"line":398,"column":4},"end":{"line":402,"column":6}},"210":{"start":{"line":406,"column":21},"end":{"line":406,"column":63}},"211":{"start":{"line":407,"column":4},"end":{"line":407,"column":54}},"212":{"start":{"line":407,"column":21},"end":{"line":407,"column":54}},"213":{"start":{"line":408,"column":4},"end":{"line":408,"column":94}},"214":{"start":{"line":408,"column":22},"end":{"line":408,"column":94}},"215":{"start":{"line":412,"column":4},"end":{"line":415,"column":7}},"216":{"start":{"line":413,"column":25},"end":{"line":413,"column":74}},"217":{"start":{"line":414,"column":6},"end":{"line":414,"column":55}},"218":{"start":{"line":419,"column":4},"end":{"line":419,"column":70}},"219":{"start":{"line":419,"column":29},"end":{"line":419,"column":70}},"220":{"start":{"line":420,"column":4},"end":{"line":423,"column":11}},"221":{"start":{"line":421,"column":6},"end":{"line":421,"column":51}},"222":{"start":{"line":421,"column":44},"end":{"line":421,"column":51}},"223":{"start":{"line":422,"column":6},"end":{"line":422,"column":27}},"224":{"start":{"line":427,"column":4},"end":{"line":427,"column":34}},"225":{"start":{"line":428,"column":4},"end":{"line":428,"column":43}},"226":{"start":{"line":429,"column":4},"end":{"line":429,"column":33}},"227":{"start":{"line":430,"column":4},"end":{"line":433,"column":5}},"228":{"start":{"line":431,"column":6},"end":{"line":431,"column":47}},"229":{"start":{"line":432,"column":6},"end":{"line":432,"column":33}},"230":{"start":{"line":438,"column":2},"end":{"line":438,"column":53}},"231":{"start":{"line":439,"column":2},"end":{"line":444,"column":3}},"232":{"start":{"line":440,"column":27},"end":{"line":440,"column":48}},"233":{"start":{"line":441,"column":4},"end":{"line":441,"column":49}},"234":{"start":{"line":443,"column":4},"end":{"line":443,"column":38}},"235":{"start":{"line":448,"column":2},"end":{"line":450,"column":3}},"236":{"start":{"line":449,"column":4},"end":{"line":449,"column":31}},"237":{"start":{"line":452,"column":2},"end":{"line":452,"column":36}},"238":{"start":{"line":456,"column":15},"end":{"line":456,"column":35}},"239":{"start":{"line":457,"column":2},"end":{"line":459,"column":3}},"240":{"start":{"line":458,"column":4},"end":{"line":458,"column":59}},"241":{"start":{"line":461,"column":2},"end":{"line":461,"column":14}},"242":{"start":{"line":466,"column":15},"end":{"line":466,"column":42}},"243":{"start":{"line":467,"column":2},"end":{"line":469,"column":3}},"244":{"start":{"line":468,"column":4},"end":{"line":468,"column":16}},"245":{"start":{"line":471,"column":2},"end":{"line":480,"column":5}},"246":{"start":{"line":475,"column":18},"end":{"line":475,"column":43}},"247":{"start":{"line":476,"column":6},"end":{"line":476,"column":17}},"248":{"start":{"line":477,"column":6},"end":{"line":477,"column":17}},"249":{"start":{"line":479,"column":22},"end":{"line":479,"column":36}},"250":{"start":{"line":484,"column":19},"end":{"line":484,"column":49}},"251":{"start":{"line":485,"column":2},"end":{"line":487,"column":3}},"252":{"start":{"line":486,"column":4},"end":{"line":486,"column":48}},"253":{"start":{"line":489,"column":17},"end":{"line":489,"column":29}},"254":{"start":{"line":490,"column":2},"end":{"line":492,"column":3}},"255":{"start":{"line":491,"column":4},"end":{"line":491,"column":16}},"256":{"start":{"line":494,"column":2},"end":{"line":494,"column":19}},"257":{"start":{"line":495,"column":2},"end":{"line":495,"column":16}},"258":{"start":{"line":499,"column":15},"end":{"line":499,"column":42}},"259":{"start":{"line":500,"column":2},"end":{"line":500,"column":57}}},"fnMap":{"0":{"name":"resolveAction","decl":{"start":{"line":37,"column":9},"end":{"line":37,"column":22}},"loc":{"start":{"line":37,"column":31},"end":{"line":41,"column":1}},"line":37},"1":{"name":"(anonymous_1)","decl":{"start":{"line":44,"column":2},"end":{"line":44,"column":3}},"loc":{"start":{"line":44,"column":30},"end":{"line":46,"column":3}},"line":44},"2":{"name":"(anonymous_2)","decl":{"start":{"line":48,"column":2},"end":{"line":48,"column":3}},"loc":{"start":{"line":48,"column":18},"end":{"line":50,"column":3}},"line":48},"3":{"name":"(anonymous_3)","decl":{"start":{"line":52,"column":2},"end":{"line":52,"column":3}},"loc":{"start":{"line":52,"column":27},"end":{"line":54,"column":3}},"line":52},"4":{"name":"(anonymous_4)","decl":{"start":{"line":56,"column":2},"end":{"line":56,"column":3}},"loc":{"start":{"line":56,"column":23},"end":{"line":60,"column":3}},"line":56},"5":{"name":"(anonymous_5)","decl":{"start":{"line":62,"column":2},"end":{"line":62,"column":3}},"loc":{"start":{"line":62,"column":24},"end":{"line":65,"column":3}},"line":62},"6":{"name":"(anonymous_6)","decl":{"start":{"line":69,"column":2},"end":{"line":69,"column":3}},"loc":{"start":{"line":69,"column":24},"end":{"line":75,"column":3}},"line":69},"7":{"name":"(anonymous_7)","decl":{"start":{"line":73,"column":11},"end":{"line":73,"column":12}},"loc":{"start":{"line":73,"column":21},"end":{"line":73,"column":51}},"line":73},"8":{"name":"(anonymous_8)","decl":{"start":{"line":77,"column":2},"end":{"line":77,"column":3}},"loc":{"start":{"line":77,"column":22},"end":{"line":80,"column":3}},"line":77},"9":{"name":"(anonymous_9)","decl":{"start":{"line":84,"column":2},"end":{"line":84,"column":3}},"loc":{"start":{"line":84,"column":16},"end":{"line":102,"column":3}},"line":84},"10":{"name":"(anonymous_10)","decl":{"start":{"line":95,"column":11},"end":{"line":95,"column":12}},"loc":{"start":{"line":95,"column":21},"end":{"line":95,"column":32}},"line":95},"11":{"name":"(anonymous_11)","decl":{"start":{"line":97,"column":11},"end":{"line":97,"column":12}},"loc":{"start":{"line":97,"column":22},"end":{"line":101,"column":7}},"line":97},"12":{"name":"(anonymous_12)","decl":{"start":{"line":106,"column":2},"end":{"line":106,"column":3}},"loc":{"start":{"line":106,"column":25},"end":{"line":116,"column":3}},"line":106},"13":{"name":"(anonymous_13)","decl":{"start":{"line":112,"column":11},"end":{"line":112,"column":12}},"loc":{"start":{"line":112,"column":21},"end":{"line":112,"column":61}},"line":112},"14":{"name":"(anonymous_14)","decl":{"start":{"line":118,"column":2},"end":{"line":118,"column":3}},"loc":{"start":{"line":118,"column":28},"end":{"line":150,"column":3}},"line":118},"15":{"name":"(anonymous_15)","decl":{"start":{"line":128,"column":25},"end":{"line":128,"column":26}},"loc":{"start":{"line":128,"column":36},"end":{"line":128,"column":94}},"line":128},"16":{"name":"(anonymous_16)","decl":{"start":{"line":152,"column":2},"end":{"line":152,"column":3}},"loc":{"start":{"line":152,"column":24},"end":{"line":162,"column":3}},"line":152},"17":{"name":"(anonymous_17)","decl":{"start":{"line":156,"column":11},"end":{"line":156,"column":12}},"loc":{"start":{"line":156,"column":28},"end":{"line":160,"column":7}},"line":156},"18":{"name":"(anonymous_18)","decl":{"start":{"line":164,"column":2},"end":{"line":164,"column":3}},"loc":{"start":{"line":164,"column":21},"end":{"line":173,"column":3}},"line":164},"19":{"name":"(anonymous_19)","decl":{"start":{"line":168,"column":11},"end":{"line":168,"column":12}},"loc":{"start":{"line":168,"column":28},"end":{"line":171,"column":7}},"line":168},"20":{"name":"(anonymous_20)","decl":{"start":{"line":175,"column":2},"end":{"line":175,"column":3}},"loc":{"start":{"line":175,"column":22},"end":{"line":179,"column":3}},"line":175},"21":{"name":"(anonymous_21)","decl":{"start":{"line":177,"column":11},"end":{"line":177,"column":12}},"loc":{"start":{"line":177,"column":22},"end":{"line":177,"column":80}},"line":177},"22":{"name":"(anonymous_22)","decl":{"start":{"line":181,"column":2},"end":{"line":181,"column":3}},"loc":{"start":{"line":181,"column":43},"end":{"line":188,"column":3}},"line":181},"23":{"name":"(anonymous_23)","decl":{"start":{"line":183,"column":11},"end":{"line":183,"column":12}},"loc":{"start":{"line":183,"column":21},"end":{"line":186,"column":7}},"line":183},"24":{"name":"(anonymous_24)","decl":{"start":{"line":190,"column":2},"end":{"line":190,"column":3}},"loc":{"start":{"line":190,"column":26},"end":{"line":204,"column":3}},"line":190},"25":{"name":"(anonymous_25)","decl":{"start":{"line":208,"column":2},"end":{"line":208,"column":3}},"loc":{"start":{"line":208,"column":16},"end":{"line":211,"column":3}},"line":208},"26":{"name":"(anonymous_26)","decl":{"start":{"line":215,"column":2},"end":{"line":215,"column":3}},"loc":{"start":{"line":215,"column":20},"end":{"line":230,"column":3}},"line":215},"27":{"name":"(anonymous_27)","decl":{"start":{"line":229,"column":34},"end":{"line":229,"column":35}},"loc":{"start":{"line":229,"column":40},"end":{"line":229,"column":42}},"line":229},"28":{"name":"(anonymous_28)","decl":{"start":{"line":232,"column":2},"end":{"line":232,"column":3}},"loc":{"start":{"line":232,"column":9},"end":{"line":241,"column":3}},"line":232},"29":{"name":"(anonymous_29)","decl":{"start":{"line":243,"column":2},"end":{"line":243,"column":3}},"loc":{"start":{"line":243,"column":29},"end":{"line":264,"column":3}},"line":243},"30":{"name":"(anonymous_30)","decl":{"start":{"line":266,"column":2},"end":{"line":266,"column":3}},"loc":{"start":{"line":266,"column":25},"end":{"line":306,"column":3}},"line":266},"31":{"name":"(anonymous_31)","decl":{"start":{"line":282,"column":68},"end":{"line":282,"column":69}},"loc":{"start":{"line":282,"column":75},"end":{"line":282,"column":82}},"line":282},"32":{"name":"(anonymous_32)","decl":{"start":{"line":298,"column":28},"end":{"line":298,"column":29}},"loc":{"start":{"line":298,"column":40},"end":{"line":305,"column":5}},"line":298},"33":{"name":"(anonymous_33)","decl":{"start":{"line":308,"column":2},"end":{"line":308,"column":3}},"loc":{"start":{"line":308,"column":15},"end":{"line":388,"column":3}},"line":308},"34":{"name":"(anonymous_34)","decl":{"start":{"line":315,"column":41},"end":{"line":315,"column":42}},"loc":{"start":{"line":315,"column":47},"end":{"line":319,"column":5}},"line":315},"35":{"name":"(anonymous_35)","decl":{"start":{"line":321,"column":49},"end":{"line":321,"column":50}},"loc":{"start":{"line":321,"column":55},"end":{"line":324,"column":5}},"line":321},"36":{"name":"(anonymous_36)","decl":{"start":{"line":326,"column":43},"end":{"line":326,"column":44}},"loc":{"start":{"line":326,"column":49},"end":{"line":329,"column":5}},"line":326},"37":{"name":"(anonymous_37)","decl":{"start":{"line":331,"column":40},"end":{"line":331,"column":41}},"loc":{"start":{"line":331,"column":46},"end":{"line":337,"column":5}},"line":331},"38":{"name":"(anonymous_38)","decl":{"start":{"line":339,"column":39},"end":{"line":339,"column":40}},"loc":{"start":{"line":339,"column":45},"end":{"line":347,"column":5}},"line":339},"39":{"name":"(anonymous_39)","decl":{"start":{"line":349,"column":39},"end":{"line":349,"column":40}},"loc":{"start":{"line":349,"column":50},"end":{"line":357,"column":5}},"line":349},"40":{"name":"(anonymous_40)","decl":{"start":{"line":359,"column":75},"end":{"line":359,"column":76}},"loc":{"start":{"line":359,"column":86},"end":{"line":365,"column":5}},"line":359},"41":{"name":"(anonymous_41)","decl":{"start":{"line":369,"column":17},"end":{"line":369,"column":18}},"loc":{"start":{"line":369,"column":28},"end":{"line":384,"column":7}},"line":369},"42":{"name":"(anonymous_42)","decl":{"start":{"line":382,"column":21},"end":{"line":382,"column":22}},"loc":{"start":{"line":382,"column":27},"end":{"line":382,"column":78}},"line":382},"43":{"name":"(anonymous_43)","decl":{"start":{"line":390,"column":2},"end":{"line":390,"column":3}},"loc":{"start":{"line":390,"column":18},"end":{"line":403,"column":3}},"line":390},"44":{"name":"(anonymous_44)","decl":{"start":{"line":405,"column":2},"end":{"line":405,"column":3}},"loc":{"start":{"line":405,"column":23},"end":{"line":409,"column":3}},"line":405},"45":{"name":"(anonymous_45)","decl":{"start":{"line":411,"column":2},"end":{"line":411,"column":3}},"loc":{"start":{"line":411,"column":26},"end":{"line":416,"column":3}},"line":411},"46":{"name":"(anonymous_46)","decl":{"start":{"line":412,"column":60},"end":{"line":412,"column":61}},"loc":{"start":{"line":412,"column":72},"end":{"line":415,"column":5}},"line":412},"47":{"name":"(anonymous_47)","decl":{"start":{"line":418,"column":2},"end":{"line":418,"column":3}},"loc":{"start":{"line":418,"column":16},"end":{"line":424,"column":3}},"line":418},"48":{"name":"(anonymous_48)","decl":{"start":{"line":420,"column":44},"end":{"line":420,"column":45}},"loc":{"start":{"line":420,"column":50},"end":{"line":423,"column":5}},"line":420},"49":{"name":"(anonymous_49)","decl":{"start":{"line":426,"column":2},"end":{"line":426,"column":3}},"loc":{"start":{"line":426,"column":12},"end":{"line":434,"column":3}},"line":426},"50":{"name":"(anonymous_50)","decl":{"start":{"line":428,"column":34},"end":{"line":428,"column":35}},"loc":{"start":{"line":428,"column":40},"end":{"line":428,"column":42}},"line":428},"51":{"name":"runTool","decl":{"start":{"line":437,"column":22},"end":{"line":437,"column":29}},"loc":{"start":{"line":437,"column":45},"end":{"line":445,"column":1}},"line":437},"52":{"name":"resolveRoot","decl":{"start":{"line":447,"column":9},"end":{"line":447,"column":20}},"loc":{"start":{"line":447,"column":30},"end":{"line":453,"column":1}},"line":447},"53":{"name":"requireRuntimeRoot","decl":{"start":{"line":455,"column":9},"end":{"line":455,"column":27}},"loc":{"start":{"line":455,"column":37},"end":{"line":462,"column":1}},"line":455},"54":{"name":"create","decl":{"start":{"line":465,"column":16},"end":{"line":465,"column":22}},"loc":{"start":{"line":465,"column":32},"end":{"line":481,"column":1}},"line":465},"55":{"name":"(anonymous_55)","decl":{"start":{"line":474,"column":10},"end":{"line":474,"column":11}},"loc":{"start":{"line":474,"column":16},"end":{"line":478,"column":5}},"line":474},"56":{"name":"(anonymous_56)","decl":{"start":{"line":479,"column":13},"end":{"line":479,"column":14}},"loc":{"start":{"line":479,"column":22},"end":{"line":479,"column":36}},"line":479},"57":{"name":"init","decl":{"start":{"line":483,"column":16},"end":{"line":483,"column":20}},"loc":{"start":{"line":483,"column":30},"end":{"line":496,"column":1}},"line":483},"58":{"name":"destroy","decl":{"start":{"line":498,"column":16},"end":{"line":498,"column":23}},"loc":{"start":{"line":498,"column":33},"end":{"line":501,"column":1}},"line":498}},"branchMap":{"0":{"loc":{"start":{"line":38,"column":34},"end":{"line":38,"column":58}},"type":"binary-expr","locations":[{"start":{"line":38,"column":34},"end":{"line":38,"column":40}},{"start":{"line":38,"column":44},"end":{"line":38,"column":58}}],"line":38},"1":{"loc":{"start":{"line":39,"column":24},"end":{"line":39,"column":76}},"type":"binary-expr","locations":[{"start":{"line":39,"column":24},"end":{"line":39,"column":56}},{"start":{"line":39,"column":60},"end":{"line":39,"column":76}}],"line":39},"2":{"loc":{"start":{"line":40,"column":9},"end":{"line":40,"column":74}},"type":"cond-expr","locations":[{"start":{"line":40,"column":44},"end":{"line":40,"column":57}},{"start":{"line":40,"column":60},"end":{"line":40,"column":74}}],"line":40},"3":{"loc":{"start":{"line":45,"column":12},"end":{"line":45,"column":23}},"type":"binary-expr","locations":[{"start":{"line":45,"column":12},"end":{"line":45,"column":17}},{"start":{"line":45,"column":21},"end":{"line":45,"column":23}}],"line":45},"4":{"loc":{"start":{"line":57,"column":4},"end":{"line":57,"column":25}},"type":"if","locations":[{"start":{"line":57,"column":4},"end":{"line":57,"column":25}},{"start":{},"end":{}}],"line":57},"5":{"loc":{"start":{"line":64,"column":11},"end":{"line":64,"column":29}},"type":"binary-expr","locations":[{"start":{"line":64,"column":11},"end":{"line":64,"column":24}},{"start":{"line":64,"column":28},"end":{"line":64,"column":29}}],"line":64},"6":{"loc":{"start":{"line":70,"column":50},"end":{"line":70,"column":88}},"type":"cond-expr","locations":[{"start":{"line":70,"column":78},"end":{"line":70,"column":83}},{"start":{"line":70,"column":86},"end":{"line":70,"column":88}}],"line":70},"7":{"loc":{"start":{"line":78,"column":4},"end":{"line":78,"column":32}},"type":"if","locations":[{"start":{"line":78,"column":4},"end":{"line":78,"column":32}},{"start":{},"end":{}}],"line":78},"8":{"loc":{"start":{"line":85,"column":4},"end":{"line":85,"column":25}},"type":"if","locations":[{"start":{"line":85,"column":4},"end":{"line":85,"column":25}},{"start":{},"end":{}}],"line":85},"9":{"loc":{"start":{"line":119,"column":4},"end":{"line":119,"column":25}},"type":"if","locations":[{"start":{"line":119,"column":4},"end":{"line":119,"column":25}},{"start":{},"end":{}}],"line":119},"10":{"loc":{"start":{"line":122,"column":4},"end":{"line":149,"column":5}},"type":"switch","locations":[{"start":{"line":123,"column":6},"end":{"line":124,"column":40}},{"start":{"line":125,"column":6},"end":{"line":126,"column":40}},{"start":{"line":127,"column":6},"end":{"line":128,"column":107}},{"start":{"line":129,"column":6},"end":{"line":130,"column":44}},{"start":{"line":131,"column":6},"end":{"line":132,"column":41}},{"start":{"line":133,"column":6},"end":{"line":134,"column":42}},{"start":{"line":135,"column":6},"end":{"line":136,"column":59}},{"start":{"line":137,"column":6},"end":{"line":138,"column":59}},{"start":{"line":139,"column":6},"end":{"line":140,"column":59}},{"start":{"line":141,"column":6},"end":{"line":142,"column":59}},{"start":{"line":143,"column":6},"end":{"line":144,"column":59}},{"start":{"line":145,"column":6},"end":{"line":146,"column":46}},{"start":{"line":147,"column":6},"end":{"line":148,"column":59}}],"line":122},"11":{"loc":{"start":{"line":128,"column":36},"end":{"line":128,"column":94}},"type":"cond-expr","locations":[{"start":{"line":128,"column":51},"end":{"line":128,"column":59}},{"start":{"line":128,"column":62},"end":{"line":128,"column":94}}],"line":128},"12":{"loc":{"start":{"line":153,"column":4},"end":{"line":153,"column":38}},"type":"if","locations":[{"start":{"line":153,"column":4},"end":{"line":153,"column":38}},{"start":{},"end":{}}],"line":153},"13":{"loc":{"start":{"line":157,"column":8},"end":{"line":157,"column":42}},"type":"if","locations":[{"start":{"line":157,"column":8},"end":{"line":157,"column":42}},{"start":{},"end":{}}],"line":157},"14":{"loc":{"start":{"line":158,"column":8},"end":{"line":158,"column":65}},"type":"if","locations":[{"start":{"line":158,"column":8},"end":{"line":158,"column":65}},{"start":{},"end":{}}],"line":158},"15":{"loc":{"start":{"line":165,"column":4},"end":{"line":165,"column":38}},"type":"if","locations":[{"start":{"line":165,"column":4},"end":{"line":165,"column":38}},{"start":{},"end":{}}],"line":165},"16":{"loc":{"start":{"line":169,"column":8},"end":{"line":169,"column":43}},"type":"if","locations":[{"start":{"line":169,"column":8},"end":{"line":169,"column":43}},{"start":{},"end":{}}],"line":169},"17":{"loc":{"start":{"line":170,"column":15},"end":{"line":170,"column":73}},"type":"cond-expr","locations":[{"start":{"line":170,"column":30},"end":{"line":170,"column":38}},{"start":{"line":170,"column":41},"end":{"line":170,"column":73}}],"line":170},"18":{"loc":{"start":{"line":177,"column":22},"end":{"line":177,"column":80}},"type":"cond-expr","locations":[{"start":{"line":177,"column":37},"end":{"line":177,"column":45}},{"start":{"line":177,"column":48},"end":{"line":177,"column":80}}],"line":177},"19":{"loc":{"start":{"line":184,"column":8},"end":{"line":184,"column":69}},"type":"if","locations":[{"start":{"line":184,"column":8},"end":{"line":184,"column":69}},{"start":{},"end":{}}],"line":184},"20":{"loc":{"start":{"line":195,"column":6},"end":{"line":200,"column":7}},"type":"if","locations":[{"start":{"line":195,"column":6},"end":{"line":200,"column":7}},{"start":{"line":198,"column":13},"end":{"line":200,"column":7}}],"line":195},"21":{"loc":{"start":{"line":196,"column":18},"end":{"line":196,"column":80}},"type":"cond-expr","locations":[{"start":{"line":196,"column":29},"end":{"line":196,"column":53}},{"start":{"line":196,"column":56},"end":{"line":196,"column":80}}],"line":196},"22":{"loc":{"start":{"line":217,"column":4},"end":{"line":217,"column":27}},"type":"if","locations":[{"start":{"line":217,"column":4},"end":{"line":217,"column":27}},{"start":{},"end":{}}],"line":217},"23":{"loc":{"start":{"line":233,"column":4},"end":{"line":233,"column":64}},"type":"if","locations":[{"start":{"line":233,"column":4},"end":{"line":233,"column":64}},{"start":{},"end":{}}],"line":233},"24":{"loc":{"start":{"line":233,"column":8},"end":{"line":233,"column":55}},"type":"binary-expr","locations":[{"start":{"line":233,"column":8},"end":{"line":233,"column":18}},{"start":{"line":233,"column":22},"end":{"line":233,"column":33}},{"start":{"line":233,"column":37},"end":{"line":233,"column":55}}],"line":233},"25":{"loc":{"start":{"line":245,"column":4},"end":{"line":247,"column":5}},"type":"if","locations":[{"start":{"line":245,"column":4},"end":{"line":247,"column":5}},{"start":{},"end":{}}],"line":245},"26":{"loc":{"start":{"line":250,"column":4},"end":{"line":263,"column":5}},"type":"if","locations":[{"start":{"line":250,"column":4},"end":{"line":263,"column":5}},{"start":{},"end":{}}],"line":250},"27":{"loc":{"start":{"line":284,"column":6},"end":{"line":284,"column":37}},"type":"if","locations":[{"start":{"line":284,"column":6},"end":{"line":284,"column":37}},{"start":{},"end":{}}],"line":284},"28":{"loc":{"start":{"line":291,"column":4},"end":{"line":293,"column":5}},"type":"if","locations":[{"start":{"line":291,"column":4},"end":{"line":293,"column":5}},{"start":{},"end":{}}],"line":291},"29":{"loc":{"start":{"line":296,"column":4},"end":{"line":296,"column":28}},"type":"if","locations":[{"start":{"line":296,"column":4},"end":{"line":296,"column":28}},{"start":{},"end":{}}],"line":296},"30":{"loc":{"start":{"line":303,"column":27},"end":{"line":303,"column":58}},"type":"binary-expr","locations":[{"start":{"line":303,"column":27},"end":{"line":303,"column":48}},{"start":{"line":303,"column":52},"end":{"line":303,"column":58}}],"line":303},"31":{"loc":{"start":{"line":318,"column":6},"end":{"line":318,"column":46}},"type":"if","locations":[{"start":{"line":318,"column":6},"end":{"line":318,"column":46}},{"start":{},"end":{}}],"line":318},"32":{"loc":{"start":{"line":323,"column":6},"end":{"line":323,"column":46}},"type":"if","locations":[{"start":{"line":323,"column":6},"end":{"line":323,"column":46}},{"start":{},"end":{}}],"line":323},"33":{"loc":{"start":{"line":328,"column":6},"end":{"line":328,"column":46}},"type":"if","locations":[{"start":{"line":328,"column":6},"end":{"line":328,"column":46}},{"start":{},"end":{}}],"line":328},"34":{"loc":{"start":{"line":341,"column":21},"end":{"line":341,"column":45}},"type":"binary-expr","locations":[{"start":{"line":341,"column":21},"end":{"line":341,"column":39}},{"start":{"line":341,"column":43},"end":{"line":341,"column":45}}],"line":341},"35":{"loc":{"start":{"line":343,"column":6},"end":{"line":343,"column":49}},"type":"if","locations":[{"start":{"line":343,"column":6},"end":{"line":343,"column":49}},{"start":{},"end":{}}],"line":343},"36":{"loc":{"start":{"line":351,"column":6},"end":{"line":351,"column":51}},"type":"if","locations":[{"start":{"line":351,"column":6},"end":{"line":351,"column":51}},{"start":{},"end":{}}],"line":351},"37":{"loc":{"start":{"line":353,"column":6},"end":{"line":353,"column":33}},"type":"if","locations":[{"start":{"line":353,"column":6},"end":{"line":353,"column":33}},{"start":{},"end":{}}],"line":353},"38":{"loc":{"start":{"line":361,"column":6},"end":{"line":361,"column":57}},"type":"if","locations":[{"start":{"line":361,"column":6},"end":{"line":361,"column":57}},{"start":{},"end":{}}],"line":361},"39":{"loc":{"start":{"line":362,"column":32},"end":{"line":362,"column":80}},"type":"binary-expr","locations":[{"start":{"line":362,"column":32},"end":{"line":362,"column":53}},{"start":{"line":362,"column":57},"end":{"line":362,"column":80}}],"line":362},"40":{"loc":{"start":{"line":370,"column":8},"end":{"line":370,"column":54}},"type":"if","locations":[{"start":{"line":370,"column":8},"end":{"line":370,"column":54}},{"start":{},"end":{}}],"line":370},"41":{"loc":{"start":{"line":370,"column":14},"end":{"line":370,"column":44}},"type":"binary-expr","locations":[{"start":{"line":370,"column":14},"end":{"line":370,"column":27}},{"start":{"line":370,"column":31},"end":{"line":370,"column":44}}],"line":370},"42":{"loc":{"start":{"line":372,"column":8},"end":{"line":378,"column":9}},"type":"if","locations":[{"start":{"line":372,"column":8},"end":{"line":378,"column":9}},{"start":{},"end":{}}],"line":372},"43":{"loc":{"start":{"line":380,"column":8},"end":{"line":383,"column":9}},"type":"if","locations":[{"start":{"line":380,"column":8},"end":{"line":383,"column":9}},{"start":{},"end":{}}],"line":380},"44":{"loc":{"start":{"line":380,"column":12},"end":{"line":380,"column":96}},"type":"binary-expr","locations":[{"start":{"line":380,"column":12},"end":{"line":380,"column":23}},{"start":{"line":380,"column":27},"end":{"line":380,"column":80}},{"start":{"line":380,"column":84},"end":{"line":380,"column":96}}],"line":380},"45":{"loc":{"start":{"line":392,"column":4},"end":{"line":392,"column":25}},"type":"if","locations":[{"start":{"line":392,"column":4},"end":{"line":392,"column":25}},{"start":{},"end":{}}],"line":392},"46":{"loc":{"start":{"line":394,"column":18},"end":{"line":394,"column":40}},"type":"binary-expr","locations":[{"start":{"line":394,"column":18},"end":{"line":394,"column":34}},{"start":{"line":394,"column":38},"end":{"line":394,"column":40}}],"line":394},"47":{"loc":{"start":{"line":406,"column":22},"end":{"line":406,"column":44}},"type":"binary-expr","locations":[{"start":{"line":406,"column":22},"end":{"line":406,"column":38}},{"start":{"line":406,"column":42},"end":{"line":406,"column":44}}],"line":406},"48":{"loc":{"start":{"line":407,"column":4},"end":{"line":407,"column":54}},"type":"if","locations":[{"start":{"line":407,"column":4},"end":{"line":407,"column":54}},{"start":{},"end":{}}],"line":407},"49":{"loc":{"start":{"line":408,"column":4},"end":{"line":408,"column":94}},"type":"if","locations":[{"start":{"line":408,"column":4},"end":{"line":408,"column":94}},{"start":{},"end":{}}],"line":408},"50":{"loc":{"start":{"line":408,"column":49},"end":{"line":408,"column":73}},"type":"binary-expr","locations":[{"start":{"line":408,"column":49},"end":{"line":408,"column":67}},{"start":{"line":408,"column":71},"end":{"line":408,"column":73}}],"line":408},"51":{"loc":{"start":{"line":419,"column":4},"end":{"line":419,"column":70}},"type":"if","locations":[{"start":{"line":419,"column":4},"end":{"line":419,"column":70}},{"start":{},"end":{}}],"line":419},"52":{"loc":{"start":{"line":421,"column":6},"end":{"line":421,"column":51}},"type":"if","locations":[{"start":{"line":421,"column":6},"end":{"line":421,"column":51}},{"start":{},"end":{}}],"line":421},"53":{"loc":{"start":{"line":421,"column":12},"end":{"line":421,"column":34}},"type":"binary-expr","locations":[{"start":{"line":421,"column":12},"end":{"line":421,"column":28}},{"start":{"line":421,"column":32},"end":{"line":421,"column":34}}],"line":421},"54":{"loc":{"start":{"line":430,"column":4},"end":{"line":433,"column":5}},"type":"if","locations":[{"start":{"line":430,"column":4},"end":{"line":433,"column":5}},{"start":{},"end":{}}],"line":430},"55":{"loc":{"start":{"line":448,"column":2},"end":{"line":450,"column":3}},"type":"if","locations":[{"start":{"line":448,"column":2},"end":{"line":450,"column":3}},{"start":{},"end":{}}],"line":448},"56":{"loc":{"start":{"line":448,"column":6},"end":{"line":448,"column":80}},"type":"binary-expr","locations":[{"start":{"line":448,"column":6},"end":{"line":448,"column":37}},{"start":{"line":448,"column":41},"end":{"line":448,"column":80}}],"line":448},"57":{"loc":{"start":{"line":457,"column":2},"end":{"line":459,"column":3}},"type":"if","locations":[{"start":{"line":457,"column":2},"end":{"line":459,"column":3}},{"start":{},"end":{}}],"line":457},"58":{"loc":{"start":{"line":467,"column":2},"end":{"line":469,"column":3}},"type":"if","locations":[{"start":{"line":467,"column":2},"end":{"line":469,"column":3}},{"start":{},"end":{}}],"line":467},"59":{"loc":{"start":{"line":485,"column":2},"end":{"line":487,"column":3}},"type":"if","locations":[{"start":{"line":485,"column":2},"end":{"line":487,"column":3}},{"start":{},"end":{}}],"line":485},"60":{"loc":{"start":{"line":490,"column":2},"end":{"line":492,"column":3}},"type":"if","locations":[{"start":{"line":490,"column":2},"end":{"line":492,"column":3}},{"start":{},"end":{}}],"line":490}},"s":{"0":0,"1":0,"2":0,"3":0,"4":0,"5":0,"6":0,"7":0,"8":0,"9":0,"10":0,"11":0,"12":0,"13":0,"14":0,"15":0,"16":0,"17":0,"18":0,"19":0,"20":0,"21":0,"22":0,"23":0,"24":0,"25":0,"26":0,"27":0,"28":0,"29":0,"30":0,"31":0,"32":0,"33":0,"34":0,"35":0,"36":0,"37":0,"38":0,"39":0,"40":0,"41":0,"42":0,"43":0,"44":0,"45":0,"46":0,"47":0,"48":0,"49":0,"50":0,"51":0,"52":0,"53":0,"54":0,"55":0,"56":0,"57":0,"58":0,"59":0,"60":0,"61":0,"62":0,"63":0,"64":0,"65":0,"66":0,"67":0,"68":0,"69":0,"70":0,"71":0,"72":0,"73":0,"74":0,"75":0,"76":0,"77":0,"78":0,"79":0,"80":0,"81":0,"82":0,"83":0,"84":0,"85":0,"86":0,"87":0,"88":0,"89":0,"90":0,"91":0,"92":0,"93":0,"94":0,"95":0,"96":0,"97":0,"98":0,"99":0,"100":0,"101":0,"102":0,"103":0,"104":0,"105":0,"106":0,"107":0,"108":0,"109":0,"110":0,"111":0,"112":0,"113":0,"114":0,"115":0,"116":0,"117":0,"118":0,"119":0,"120":0,"121":0,"122":0,"123":0,"124":0,"125":0,"126":0,"127":0,"128":0,"129":0,"130":0,"131":0,"132":0,"133":0,"134":0,"135":0,"136":0,"137":0,"138":0,"139":0,"140":0,"141":0,"142":0,"143":0,"144":0,"145":0,"146":0,"147":0,"148":0,"149":0,"150":0,"151":0,"152":0,"153":0,"154":0,"155":0,"156":0,"157":0,"158":0,"159":0,"160":0,"161":0,"162":0,"163":0,"164":0,"165":0,"166":0,"167":0,"168":0,"169":0,"170":0,"171":0,"172":0,"173":0,"174":0,"175":0,"176":0,"177":0,"178":0,"179":0,"180":0,"181":0,"182":0,"183":0,"184":0,"185":0,"186":0,"187":0,"188":0,"189":0,"190":0,"191":0,"192":0,"193":0,"194":0,"195":0,"196":0,"197":0,"198":0,"199":0,"200":0,"201":0,"202":0,"203":0,"204":0,"205":0,"206":0,"207":0,"208":0,"209":0,"210":0,"211":0,"212":0,"213":0,"214":0,"215":0,"216":0,"217":0,"218":0,"219":0,"220":0,"221":0,"222":0,"223":0,"224":0,"225":0,"226":0,"227":0,"228":0,"229":0,"230":0,"231":0,"232":0,"233":0,"234":0,"235":0,"236":0,"237":0,"238":0,"239":0,"240":0,"241":0,"242":0,"243":0,"244":0,"245":0,"246":0,"247":0,"248":0,"249":0,"250":0,"251":0,"252":0,"253":0,"254":0,"255":0,"256":0,"257":0,"258":0,"259":0},"f":{"0":0,"1":0,"2":0,"3":0,"4":0,"5":0,"6":0,"7":0,"8":0,"9":0,"10":0,"11":0,"12":0,"13":0,"14":0,"15":0,"16":0,"17":0,"18":0,"19":0,"20":0,"21":0,"22":0,"23":0,"24":0,"25":0,"26":0,"27":0,"28":0,"29":0,"30":0,"31":0,"32":0,"33":0,"34":0,"35":0,"36":0,"37":0,"38":0,"39":0,"40":0,"41":0,"42":0,"43":0,"44":0,"45":0,"46":0,"47":0,"48":0,"49":0,"50":0,"51":0,"52":0,"53":0,"54":0,"55":0,"56":0,"57":0,"58":0},"b":{"0":[0,0],"1":[0,0],"2":[0,0],"3":[0,0],"4":[0,0],"5":[0,0],"6":[0,0],"7":[0,0],"8":[0,0],"9":[0,0],"10":[0,0,0,0,0,0,0,0,0,0,0,0,0],"11":[0,0],"12":[0,0],"13":[0,0],"14":[0,0],"15":[0,0],"16":[0,0],"17":[0,0],"18":[0,0],"19":[0,0],"20":[0,0],"21":[0,0],"22":[0,0],"23":[0,0],"24":[0,0,0],"25":[0,0],"26":[0,0],"27":[0,0],"28":[0,0],"29":[0,0],"30":[0,0],"31":[0,0],"32":[0,0],"33":[0,0],"34":[0,0],"35":[0,0],"36":[0,0],"37":[0,0],"38":[0,0],"39":[0,0],"40":[0,0],"41":[0,0],"42":[0,0],"43":[0,0],"44":[0,0,0],"45":[0,0],"46":[0,0],"47":[0,0],"48":[0,0],"49":[0,0],"50":[0,0],"51":[0,0],"52":[0,0],"53":[0,0],"54":[0,0],"55":[0,0],"56":[0,0],"57":[0,0],"58":[0,0],"59":[0,0],"60":[0,0]}}
,"/app/src/ToolNexus.Web/wwwroot/js/tools/keyboard-event-manager.js": {"path":"/app/src/ToolNexus.Web/wwwroot/js/tools/keyboard-event-manager.js","statementMap":{"0":{"start":{"line":1,"column":27},"end":{"line":1,"column":36}},"1":{"start":{"line":5,"column":4},"end":{"line":5,"column":35}},"2":{"start":{"line":6,"column":4},"end":{"line":6,"column":30}},"3":{"start":{"line":7,"column":4},"end":{"line":7,"column":41}},"4":{"start":{"line":8,"column":4},"end":{"line":8,"column":27}},"5":{"start":{"line":12,"column":4},"end":{"line":14,"column":5}},"6":{"start":{"line":13,"column":6},"end":{"line":13,"column":22}},"7":{"start":{"line":16,"column":22},"end":{"line":16,"column":42}},"8":{"start":{"line":17,"column":25},"end":{"line":23,"column":5}},"9":{"start":{"line":25,"column":4},"end":{"line":25,"column":47}},"10":{"start":{"line":26,"column":4},"end":{"line":26,"column":44}},"11":{"start":{"line":28,"column":4},"end":{"line":30,"column":6}},"12":{"start":{"line":29,"column":6},"end":{"line":29,"column":33}},"13":{"start":{"line":34,"column":25},"end":{"line":34,"column":53}},"14":{"start":{"line":35,"column":4},"end":{"line":37,"column":5}},"15":{"start":{"line":36,"column":6},"end":{"line":36,"column":13}},"16":{"start":{"line":39,"column":4},"end":{"line":39,"column":36}},"17":{"start":{"line":40,"column":4},"end":{"line":40,"column":53}},"18":{"start":{"line":44,"column":4},"end":{"line":46,"column":5}},"19":{"start":{"line":45,"column":6},"end":{"line":45,"column":13}},"20":{"start":{"line":48,"column":21},"end":{"line":50,"column":5}},"21":{"start":{"line":49,"column":6},"end":{"line":49,"column":41}},"22":{"start":{"line":52,"column":4},"end":{"line":52,"column":54}},"23":{"start":{"line":53,"column":4},"end":{"line":53,"column":59}},"24":{"start":{"line":57,"column":33},"end":{"line":58,"column":85}},"25":{"start":{"line":58,"column":30},"end":{"line":58,"column":84}},"26":{"start":{"line":60,"column":4},"end":{"line":62,"column":5}},"27":{"start":{"line":61,"column":6},"end":{"line":61,"column":13}},"28":{"start":{"line":64,"column":21},"end":{"line":64,"column":60}},"29":{"start":{"line":65,"column":4},"end":{"line":67,"column":5}},"30":{"start":{"line":66,"column":6},"end":{"line":66,"column":13}},"31":{"start":{"line":69,"column":4},"end":{"line":69,"column":62}},"32":{"start":{"line":70,"column":4},"end":{"line":70,"column":47}},"33":{"start":{"line":74,"column":24},"end":{"line":74,"column":36}},"34":{"start":{"line":75,"column":26},"end":{"line":75,"column":56}},"35":{"start":{"line":77,"column":4},"end":{"line":91,"column":5}},"36":{"start":{"line":78,"column":6},"end":{"line":81,"column":7}},"37":{"start":{"line":79,"column":8},"end":{"line":79,"column":48}},"38":{"start":{"line":80,"column":8},"end":{"line":80,"column":17}},"39":{"start":{"line":83,"column":6},"end":{"line":85,"column":7}},"40":{"start":{"line":84,"column":8},"end":{"line":84,"column":17}},"41":{"start":{"line":87,"column":22},"end":{"line":87,"column":54}},"42":{"start":{"line":88,"column":6},"end":{"line":90,"column":7}},"43":{"start":{"line":89,"column":8},"end":{"line":89,"column":23}},"44":{"start":{"line":95,"column":4},"end":{"line":95,"column":70}},"45":{"start":{"line":99,"column":4},"end":{"line":99,"column":30}},"46":{"start":{"line":103,"column":4},"end":{"line":103,"column":41}},"47":{"start":{"line":107,"column":4},"end":{"line":109,"column":5}},"48":{"start":{"line":108,"column":6},"end":{"line":108,"column":64}},"49":{"start":{"line":111,"column":4},"end":{"line":111,"column":37}},"50":{"start":{"line":112,"column":4},"end":{"line":112,"column":26}},"51":{"start":{"line":113,"column":4},"end":{"line":113,"column":27}},"52":{"start":{"line":120,"column":2},"end":{"line":122,"column":3}},"53":{"start":{"line":121,"column":4},"end":{"line":121,"column":60}},"54":{"start":{"line":124,"column":2},"end":{"line":124,"column":36}},"55":{"start":{"line":128,"column":2},"end":{"line":130,"column":3}},"56":{"start":{"line":129,"column":4},"end":{"line":129,"column":11}},"57":{"start":{"line":132,"column":2},"end":{"line":132,"column":47}},"58":{"start":{"line":133,"column":2},"end":{"line":133,"column":41}}},"fnMap":{"0":{"name":"(anonymous_0)","decl":{"start":{"line":4,"column":2},"end":{"line":4,"column":3}},"loc":{"start":{"line":4,"column":38},"end":{"line":9,"column":3}},"line":4},"1":{"name":"(anonymous_1)","decl":{"start":{"line":11,"column":2},"end":{"line":11,"column":3}},"loc":{"start":{"line":11,"column":32},"end":{"line":31,"column":3}},"line":11},"2":{"name":"(anonymous_2)","decl":{"start":{"line":13,"column":13},"end":{"line":13,"column":14}},"loc":{"start":{"line":13,"column":19},"end":{"line":13,"column":21}},"line":13},"3":{"name":"(anonymous_3)","decl":{"start":{"line":28,"column":11},"end":{"line":28,"column":12}},"loc":{"start":{"line":28,"column":17},"end":{"line":30,"column":5}},"line":28},"4":{"name":"(anonymous_4)","decl":{"start":{"line":33,"column":2},"end":{"line":33,"column":3}},"loc":{"start":{"line":33,"column":24},"end":{"line":41,"column":3}},"line":33},"5":{"name":"(anonymous_5)","decl":{"start":{"line":43,"column":2},"end":{"line":43,"column":3}},"loc":{"start":{"line":43,"column":28},"end":{"line":54,"column":3}},"line":43},"6":{"name":"(anonymous_6)","decl":{"start":{"line":48,"column":21},"end":{"line":48,"column":22}},"loc":{"start":{"line":48,"column":32},"end":{"line":50,"column":5}},"line":48},"7":{"name":"(anonymous_7)","decl":{"start":{"line":56,"column":2},"end":{"line":56,"column":3}},"loc":{"start":{"line":56,"column":37},"end":{"line":71,"column":3}},"line":56},"8":{"name":"(anonymous_8)","decl":{"start":{"line":58,"column":12},"end":{"line":58,"column":13}},"loc":{"start":{"line":58,"column":30},"end":{"line":58,"column":84}},"line":58},"9":{"name":"(anonymous_9)","decl":{"start":{"line":73,"column":2},"end":{"line":73,"column":3}},"loc":{"start":{"line":73,"column":32},"end":{"line":92,"column":3}},"line":73},"10":{"name":"(anonymous_10)","decl":{"start":{"line":94,"column":2},"end":{"line":94,"column":3}},"loc":{"start":{"line":94,"column":54},"end":{"line":96,"column":3}},"line":94},"11":{"name":"(anonymous_11)","decl":{"start":{"line":98,"column":2},"end":{"line":98,"column":3}},"loc":{"start":{"line":98,"column":30},"end":{"line":100,"column":3}},"line":98},"12":{"name":"(anonymous_12)","decl":{"start":{"line":102,"column":2},"end":{"line":102,"column":3}},"loc":{"start":{"line":102,"column":33},"end":{"line":104,"column":3}},"line":102},"13":{"name":"(anonymous_13)","decl":{"start":{"line":106,"column":2},"end":{"line":106,"column":3}},"loc":{"start":{"line":106,"column":20},"end":{"line":114,"column":3}},"line":106},"14":{"name":"getKeyboardEventManager","decl":{"start":{"line":119,"column":16},"end":{"line":119,"column":39}},"loc":{"start":{"line":119,"column":42},"end":{"line":125,"column":1}},"line":119},"15":{"name":"resetKeyboardEventManagerForTesting","decl":{"start":{"line":127,"column":16},"end":{"line":127,"column":51}},"loc":{"start":{"line":127,"column":54},"end":{"line":134,"column":1}},"line":127}},"branchMap":{"0":{"loc":{"start":{"line":4,"column":14},"end":{"line":4,"column":36}},"type":"default-arg","locations":[{"start":{"line":4,"column":28},"end":{"line":4,"column":36}}],"line":4},"1":{"loc":{"start":{"line":12,"column":4},"end":{"line":14,"column":5}},"type":"if","locations":[{"start":{"line":12,"column":4},"end":{"line":14,"column":5}},{"start":{},"end":{}}],"line":12},"2":{"loc":{"start":{"line":12,"column":8},"end":{"line":12,"column":48}},"type":"binary-expr","locations":[{"start":{"line":12,"column":8},"end":{"line":12,"column":13}},{"start":{"line":12,"column":17},"end":{"line":12,"column":48}}],"line":12},"3":{"loc":{"start":{"line":35,"column":4},"end":{"line":37,"column":5}},"type":"if","locations":[{"start":{"line":35,"column":4},"end":{"line":37,"column":5}},{"start":{},"end":{}}],"line":35},"4":{"loc":{"start":{"line":44,"column":4},"end":{"line":46,"column":5}},"type":"if","locations":[{"start":{"line":44,"column":4},"end":{"line":46,"column":5}},{"start":{},"end":{}}],"line":44},"5":{"loc":{"start":{"line":60,"column":4},"end":{"line":62,"column":5}},"type":"if","locations":[{"start":{"line":60,"column":4},"end":{"line":62,"column":5}},{"start":{},"end":{}}],"line":60},"6":{"loc":{"start":{"line":65,"column":4},"end":{"line":67,"column":5}},"type":"if","locations":[{"start":{"line":65,"column":4},"end":{"line":67,"column":5}},{"start":{},"end":{}}],"line":65},"7":{"loc":{"start":{"line":78,"column":6},"end":{"line":81,"column":7}},"type":"if","locations":[{"start":{"line":78,"column":6},"end":{"line":81,"column":7}},{"start":{},"end":{}}],"line":78},"8":{"loc":{"start":{"line":83,"column":6},"end":{"line":85,"column":7}},"type":"if","locations":[{"start":{"line":83,"column":6},"end":{"line":85,"column":7}},{"start":{},"end":{}}],"line":83},"9":{"loc":{"start":{"line":88,"column":6},"end":{"line":90,"column":7}},"type":"if","locations":[{"start":{"line":88,"column":6},"end":{"line":90,"column":7}},{"start":{},"end":{}}],"line":88},"10":{"loc":{"start":{"line":95,"column":11},"end":{"line":95,"column":69}},"type":"binary-expr","locations":[{"start":{"line":95,"column":11},"end":{"line":95,"column":37}},{"start":{"line":95,"column":41},"end":{"line":95,"column":69}}],"line":95},"11":{"loc":{"start":{"line":120,"column":2},"end":{"line":122,"column":3}},"type":"if","locations":[{"start":{"line":120,"column":2},"end":{"line":122,"column":3}},{"start":{},"end":{}}],"line":120},"12":{"loc":{"start":{"line":128,"column":2},"end":{"line":130,"column":3}},"type":"if","locations":[{"start":{"line":128,"column":2},"end":{"line":130,"column":3}},{"start":{},"end":{}}],"line":128}},"s":{"0":0,"1":0,"2":0,"3":0,"4":0,"5":0,"6":0,"7":0,"8":0,"9":0,"10":0,"11":0,"12":0,"13":0,"14":0,"15":0,"16":0,"17":0,"18":0,"19":0,"20":0,"21":0,"22":0,"23":0,"24":0,"25":0,"26":0,"27":0,"28":0,"29":0,"30":0,"31":0,"32":0,"33":0,"34":0,"35":0,"36":0,"37":0,"38":0,"39":0,"40":0,"41":0,"42":0,"43":0,"44":0,"45":0,"46":0,"47":0,"48":0,"49":0,"50":0,"51":0,"52":0,"53":0,"54":0,"55":0,"56":0,"57":0,"58":0},"f":{"0":0,"1":0,"2":0,"3":0,"4":0,"5":0,"6":0,"7":0,"8":0,"9":0,"10":0,"11":0,"12":0,"13":0,"14":0,"15":0},"b":{"0":[0],"1":[0,0],"2":[0,0],"3":[0,0],"4":[0,0],"5":[0,0],"6":[0,0],"7":[0,0],"8":[0,0],"9":[0,0],"10":[0,0],"11":[0,0],"12":[0,0]}}
,"/app/src/ToolNexus.Web/wwwroot/js/tools/tool-platform-kernel.js": {"path":"/app/src/ToolNexus.Web/wwwroot/js/tools/tool-platform-kernel.js","statementMap":{"0":{"start":{"line":1,"column":31},"end":{"line":1,"column":66}},"1":{"start":{"line":2,"column":28},"end":{"line":2,"column":40}},"2":{"start":{"line":7,"column":2},"end":{"line":7,"column":51}},"3":{"start":{"line":7,"column":35},"end":{"line":7,"column":51}},"4":{"start":{"line":8,"column":2},"end":{"line":8,"column":70}},"5":{"start":{"line":8,"column":45},"end":{"line":8,"column":70}},"6":{"start":{"line":9,"column":2},"end":{"line":9,"column":62}},"7":{"start":{"line":9,"column":41},"end":{"line":9,"column":62}},"8":{"start":{"line":10,"column":2},"end":{"line":10,"column":87}},"9":{"start":{"line":10,"column":54},"end":{"line":10,"column":87}},"10":{"start":{"line":11,"column":2},"end":{"line":11,"column":79}},"11":{"start":{"line":11,"column":50},"end":{"line":11,"column":79}},"12":{"start":{"line":12,"column":2},"end":{"line":14,"column":3}},"13":{"start":{"line":13,"column":4},"end":{"line":13,"column":46}},"14":{"start":{"line":15,"column":2},"end":{"line":17,"column":3}},"15":{"start":{"line":16,"column":4},"end":{"line":16,"column":42}},"16":{"start":{"line":18,"column":2},"end":{"line":18,"column":14}},"17":{"start":{"line":23,"column":27},"end":{"line":23,"column":34}},"18":{"start":{"line":25,"column":4},"end":{"line":25,"column":82}},"19":{"start":{"line":28,"column":4},"end":{"line":31,"column":23}},"20":{"start":{"line":33,"column":2},"end":{"line":36,"column":4}},"21":{"start":{"line":41,"column":4},"end":{"line":41,"column":27}},"22":{"start":{"line":45,"column":4},"end":{"line":45,"column":95}},"23":{"start":{"line":49,"column":4},"end":{"line":49,"column":99}},"24":{"start":{"line":53,"column":4},"end":{"line":55,"column":5}},"25":{"start":{"line":54,"column":6},"end":{"line":54,"column":25}},"26":{"start":{"line":57,"column":4},"end":{"line":59,"column":5}},"27":{"start":{"line":58,"column":6},"end":{"line":58,"column":20}},"28":{"start":{"line":61,"column":4},"end":{"line":63,"column":5}},"29":{"start":{"line":62,"column":6},"end":{"line":62,"column":66}},"30":{"start":{"line":65,"column":4},"end":{"line":67,"column":5}},"31":{"start":{"line":66,"column":6},"end":{"line":66,"column":83}},"32":{"start":{"line":69,"column":4},"end":{"line":69,"column":23}},"33":{"start":{"line":73,"column":4},"end":{"line":75,"column":5}},"34":{"start":{"line":74,"column":6},"end":{"line":74,"column":13}},"35":{"start":{"line":77,"column":4},"end":{"line":82,"column":6}},"36":{"start":{"line":86,"column":4},"end":{"line":86,"column":36}},"37":{"start":{"line":90,"column":4},"end":{"line":92,"column":5}},"38":{"start":{"line":91,"column":6},"end":{"line":91,"column":69}},"39":{"start":{"line":94,"column":27},"end":{"line":94,"column":55}},"40":{"start":{"line":96,"column":4},"end":{"line":98,"column":5}},"41":{"start":{"line":97,"column":6},"end":{"line":97,"column":79}},"42":{"start":{"line":100,"column":4},"end":{"line":107,"column":5}},"43":{"start":{"line":101,"column":6},"end":{"line":106,"column":9}},"44":{"start":{"line":109,"column":4},"end":{"line":109,"column":56}},"45":{"start":{"line":111,"column":20},"end":{"line":111,"column":76}},"46":{"start":{"line":112,"column":21},"end":{"line":112,"column":44}},"47":{"start":{"line":113,"column":4},"end":{"line":115,"column":5}},"48":{"start":{"line":114,"column":6},"end":{"line":114,"column":29}},"49":{"start":{"line":117,"column":25},"end":{"line":125,"column":5}},"50":{"start":{"line":127,"column":19},"end":{"line":133,"column":5}},"51":{"start":{"line":130,"column":20},"end":{"line":130,"column":40}},"52":{"start":{"line":131,"column":18},"end":{"line":131,"column":42}},"53":{"start":{"line":132,"column":21},"end":{"line":132,"column":42}},"54":{"start":{"line":135,"column":4},"end":{"line":135,"column":33}},"55":{"start":{"line":136,"column":4},"end":{"line":136,"column":42}},"56":{"start":{"line":138,"column":4},"end":{"line":138,"column":97}},"57":{"start":{"line":139,"column":4},"end":{"line":139,"column":59}},"58":{"start":{"line":141,"column":4},"end":{"line":141,"column":18}},"59":{"start":{"line":145,"column":25},"end":{"line":145,"column":48}},"60":{"start":{"line":146,"column":4},"end":{"line":148,"column":5}},"61":{"start":{"line":147,"column":6},"end":{"line":147,"column":36}},"62":{"start":{"line":150,"column":4},"end":{"line":159,"column":5}},"63":{"start":{"line":151,"column":6},"end":{"line":151,"column":41}},"64":{"start":{"line":152,"column":6},"end":{"line":152,"column":75}},"65":{"start":{"line":153,"column":6},"end":{"line":153,"column":32}},"66":{"start":{"line":155,"column":6},"end":{"line":155,"column":36}},"67":{"start":{"line":156,"column":6},"end":{"line":156,"column":35}},"68":{"start":{"line":157,"column":6},"end":{"line":157,"column":33}},"69":{"start":{"line":158,"column":6},"end":{"line":158,"column":89}},"70":{"start":{"line":161,"column":4},"end":{"line":161,"column":33}},"71":{"start":{"line":165,"column":4},"end":{"line":165,"column":32}},"72":{"start":{"line":169,"column":19},"end":{"line":169,"column":54}},"73":{"start":{"line":170,"column":4},"end":{"line":170,"column":18}},"74":{"start":{"line":171,"column":4},"end":{"line":171,"column":18}},"75":{"start":{"line":175,"column":25},"end":{"line":175,"column":48}},"76":{"start":{"line":176,"column":4},"end":{"line":178,"column":5}},"77":{"start":{"line":177,"column":6},"end":{"line":177,"column":13}},"78":{"start":{"line":180,"column":4},"end":{"line":185,"column":5}},"79":{"start":{"line":181,"column":6},"end":{"line":181,"column":69}},"80":{"start":{"line":183,"column":6},"end":{"line":183,"column":33}},"81":{"start":{"line":184,"column":6},"end":{"line":184,"column":92}},"82":{"start":{"line":187,"column":4},"end":{"line":187,"column":37}},"83":{"start":{"line":189,"column":25},"end":{"line":189,"column":68}},"84":{"start":{"line":190,"column":4},"end":{"line":190,"column":42}},"85":{"start":{"line":191,"column":4},"end":{"line":193,"column":5}},"86":{"start":{"line":192,"column":6},"end":{"line":192,"column":55}},"87":{"start":{"line":195,"column":4},"end":{"line":195,"column":31}},"88":{"start":{"line":199,"column":17},"end":{"line":199,"column":54}},"89":{"start":{"line":200,"column":4},"end":{"line":200,"column":68}},"90":{"start":{"line":204,"column":27},"end":{"line":204,"column":55}},"91":{"start":{"line":205,"column":4},"end":{"line":207,"column":5}},"92":{"start":{"line":206,"column":6},"end":{"line":206,"column":74}},"93":{"start":{"line":209,"column":4},"end":{"line":209,"column":66}},"94":{"start":{"line":213,"column":27},"end":{"line":213,"column":55}},"95":{"start":{"line":214,"column":4},"end":{"line":216,"column":5}},"96":{"start":{"line":215,"column":6},"end":{"line":215,"column":73}},"97":{"start":{"line":218,"column":4},"end":{"line":218,"column":51}},"98":{"start":{"line":220,"column":4},"end":{"line":222,"column":5}},"99":{"start":{"line":221,"column":6},"end":{"line":221,"column":47}},"100":{"start":{"line":224,"column":22},"end":{"line":224,"column":84}},"101":{"start":{"line":225,"column":4},"end":{"line":225,"column":50}},"102":{"start":{"line":226,"column":4},"end":{"line":226,"column":21}},"103":{"start":{"line":230,"column":17},"end":{"line":230,"column":54}},"104":{"start":{"line":231,"column":4},"end":{"line":231,"column":99}},"105":{"start":{"line":235,"column":4},"end":{"line":235,"column":27}},"106":{"start":{"line":239,"column":17},"end":{"line":239,"column":54}},"107":{"start":{"line":240,"column":4},"end":{"line":240,"column":89}},"108":{"start":{"line":244,"column":4},"end":{"line":246,"column":5}},"109":{"start":{"line":245,"column":6},"end":{"line":245,"column":28}},"110":{"start":{"line":253,"column":2},"end":{"line":255,"column":3}},"111":{"start":{"line":254,"column":4},"end":{"line":254,"column":44}},"112":{"start":{"line":257,"column":2},"end":{"line":257,"column":22}},"113":{"start":{"line":261,"column":2},"end":{"line":261,"column":34}},"114":{"start":{"line":262,"column":2},"end":{"line":262,"column":27}},"115":{"start":{"line":265,"column":26},"end":{"line":265,"column":39}},"116":{"start":{"line":267,"column":21},"end":{"line":267,"column":79}},"117":{"start":{"line":267,"column":34},"end":{"line":267,"column":79}},"118":{"start":{"line":268,"column":24},"end":{"line":268,"column":105}},"119":{"start":{"line":268,"column":47},"end":{"line":268,"column":105}},"120":{"start":{"line":270,"column":0},"end":{"line":272,"column":1}},"121":{"start":{"line":271,"column":2},"end":{"line":271,"column":71}}},"fnMap":{"0":{"name":"noop","decl":{"start":{"line":4,"column":9},"end":{"line":4,"column":13}},"loc":{"start":{"line":4,"column":16},"end":{"line":4,"column":18}},"line":4},"1":{"name":"normalizeRoot","decl":{"start":{"line":6,"column":9},"end":{"line":6,"column":22}},"loc":{"start":{"line":6,"column":33},"end":{"line":19,"column":1}},"line":6},"2":{"name":"resolveLifecycleInitRoot","decl":{"start":{"line":22,"column":9},"end":{"line":22,"column":33}},"loc":{"start":{"line":22,"column":45},"end":{"line":37,"column":1}},"line":22},"3":{"name":"(anonymous_3)","decl":{"start":{"line":40,"column":2},"end":{"line":40,"column":3}},"loc":{"start":{"line":40,"column":16},"end":{"line":42,"column":3}},"line":40},"4":{"name":"(anonymous_4)","decl":{"start":{"line":44,"column":2},"end":{"line":44,"column":3}},"loc":{"start":{"line":44,"column":22},"end":{"line":46,"column":3}},"line":44},"5":{"name":"(anonymous_5)","decl":{"start":{"line":48,"column":2},"end":{"line":48,"column":3}},"loc":{"start":{"line":48,"column":22},"end":{"line":50,"column":3}},"line":48},"6":{"name":"(anonymous_6)","decl":{"start":{"line":52,"column":2},"end":{"line":52,"column":3}},"loc":{"start":{"line":52,"column":25},"end":{"line":70,"column":3}},"line":52},"7":{"name":"(anonymous_7)","decl":{"start":{"line":72,"column":2},"end":{"line":72,"column":3}},"loc":{"start":{"line":72,"column":53},"end":{"line":83,"column":3}},"line":72},"8":{"name":"(anonymous_8)","decl":{"start":{"line":85,"column":2},"end":{"line":85,"column":3}},"loc":{"start":{"line":85,"column":27},"end":{"line":87,"column":3}},"line":85},"9":{"name":"(anonymous_9)","decl":{"start":{"line":89,"column":2},"end":{"line":89,"column":3}},"loc":{"start":{"line":89,"column":44},"end":{"line":142,"column":3}},"line":89},"10":{"name":"(anonymous_10)","decl":{"start":{"line":130,"column":14},"end":{"line":130,"column":15}},"loc":{"start":{"line":130,"column":20},"end":{"line":130,"column":40}},"line":130},"11":{"name":"(anonymous_11)","decl":{"start":{"line":131,"column":12},"end":{"line":131,"column":13}},"loc":{"start":{"line":131,"column":18},"end":{"line":131,"column":42}},"line":131},"12":{"name":"(anonymous_12)","decl":{"start":{"line":132,"column":15},"end":{"line":132,"column":16}},"loc":{"start":{"line":132,"column":21},"end":{"line":132,"column":42}},"line":132},"13":{"name":"(anonymous_13)","decl":{"start":{"line":144,"column":2},"end":{"line":144,"column":3}},"loc":{"start":{"line":144,"column":18},"end":{"line":162,"column":3}},"line":144},"14":{"name":"(anonymous_14)","decl":{"start":{"line":164,"column":2},"end":{"line":164,"column":3}},"loc":{"start":{"line":164,"column":22},"end":{"line":166,"column":3}},"line":164},"15":{"name":"(anonymous_15)","decl":{"start":{"line":168,"column":2},"end":{"line":168,"column":3}},"loc":{"start":{"line":168,"column":30},"end":{"line":172,"column":3}},"line":168},"16":{"name":"(anonymous_16)","decl":{"start":{"line":174,"column":2},"end":{"line":174,"column":3}},"loc":{"start":{"line":174,"column":19},"end":{"line":196,"column":3}},"line":174},"17":{"name":"(anonymous_17)","decl":{"start":{"line":198,"column":2},"end":{"line":198,"column":3}},"loc":{"start":{"line":198,"column":37},"end":{"line":201,"column":3}},"line":198},"18":{"name":"(anonymous_18)","decl":{"start":{"line":203,"column":2},"end":{"line":203,"column":3}},"loc":{"start":{"line":203,"column":56},"end":{"line":210,"column":3}},"line":203},"19":{"name":"(anonymous_19)","decl":{"start":{"line":212,"column":2},"end":{"line":212,"column":3}},"loc":{"start":{"line":212,"column":50},"end":{"line":227,"column":3}},"line":212},"20":{"name":"(anonymous_20)","decl":{"start":{"line":229,"column":2},"end":{"line":229,"column":3}},"loc":{"start":{"line":229,"column":39},"end":{"line":232,"column":3}},"line":229},"21":{"name":"(anonymous_21)","decl":{"start":{"line":234,"column":2},"end":{"line":234,"column":3}},"loc":{"start":{"line":234,"column":27},"end":{"line":236,"column":3}},"line":234},"22":{"name":"(anonymous_22)","decl":{"start":{"line":238,"column":2},"end":{"line":238,"column":3}},"loc":{"start":{"line":238,"column":34},"end":{"line":241,"column":3}},"line":238},"23":{"name":"(anonymous_23)","decl":{"start":{"line":243,"column":2},"end":{"line":243,"column":3}},"loc":{"start":{"line":243,"column":20},"end":{"line":247,"column":3}},"line":243},"24":{"name":"getToolPlatformKernel","decl":{"start":{"line":252,"column":9},"end":{"line":252,"column":30}},"loc":{"start":{"line":252,"column":33},"end":{"line":258,"column":1}},"line":252},"25":{"name":"resetToolPlatformKernelForTesting","decl":{"start":{"line":260,"column":9},"end":{"line":260,"column":42}},"loc":{"start":{"line":260,"column":45},"end":{"line":263,"column":1}},"line":260},"26":{"name":"(anonymous_26)","decl":{"start":{"line":267,"column":21},"end":{"line":267,"column":22}},"loc":{"start":{"line":267,"column":34},"end":{"line":267,"column":79}},"line":267},"27":{"name":"(anonymous_27)","decl":{"start":{"line":268,"column":24},"end":{"line":268,"column":25}},"loc":{"start":{"line":268,"column":47},"end":{"line":268,"column":105}},"line":268}},"branchMap":{"0":{"loc":{"start":{"line":7,"column":2},"end":{"line":7,"column":51}},"type":"if","locations":[{"start":{"line":7,"column":2},"end":{"line":7,"column":51}},{"start":{},"end":{}}],"line":7},"1":{"loc":{"start":{"line":8,"column":2},"end":{"line":8,"column":70}},"type":"if","locations":[{"start":{"line":8,"column":2},"end":{"line":8,"column":70}},{"start":{},"end":{}}],"line":8},"2":{"loc":{"start":{"line":9,"column":2},"end":{"line":9,"column":62}},"type":"if","locations":[{"start":{"line":9,"column":2},"end":{"line":9,"column":62}},{"start":{},"end":{}}],"line":9},"3":{"loc":{"start":{"line":10,"column":2},"end":{"line":10,"column":87}},"type":"if","locations":[{"start":{"line":10,"column":2},"end":{"line":10,"column":87}},{"start":{},"end":{}}],"line":10},"4":{"loc":{"start":{"line":11,"column":2},"end":{"line":11,"column":79}},"type":"if","locations":[{"start":{"line":11,"column":2},"end":{"line":11,"column":79}},{"start":{},"end":{}}],"line":11},"5":{"loc":{"start":{"line":12,"column":2},"end":{"line":14,"column":3}},"type":"if","locations":[{"start":{"line":12,"column":2},"end":{"line":14,"column":3}},{"start":{},"end":{}}],"line":12},"6":{"loc":{"start":{"line":15,"column":2},"end":{"line":17,"column":3}},"type":"if","locations":[{"start":{"line":15,"column":2},"end":{"line":17,"column":3}},{"start":{},"end":{}}],"line":15},"7":{"loc":{"start":{"line":22,"column":34},"end":{"line":22,"column":43}},"type":"default-arg","locations":[{"start":{"line":22,"column":41},"end":{"line":22,"column":43}}],"line":22},"8":{"loc":{"start":{"line":25,"column":4},"end":{"line":25,"column":82}},"type":"cond-expr","locations":[{"start":{"line":25,"column":59},"end":{"line":25,"column":75}},{"start":{"line":25,"column":78},"end":{"line":25,"column":82}}],"line":25},"9":{"loc":{"start":{"line":25,"column":4},"end":{"line":25,"column":56}},"type":"binary-expr","locations":[{"start":{"line":25,"column":4},"end":{"line":25,"column":30}},{"start":{"line":25,"column":34},"end":{"line":25,"column":56}}],"line":25},"10":{"loc":{"start":{"line":28,"column":4},"end":{"line":31,"column":23}},"type":"binary-expr","locations":[{"start":{"line":28,"column":4},"end":{"line":28,"column":30}},{"start":{"line":29,"column":7},"end":{"line":29,"column":29}},{"start":{"line":30,"column":7},"end":{"line":30,"column":14}},{"start":{"line":31,"column":7},"end":{"line":31,"column":23}}],"line":28},"11":{"loc":{"start":{"line":45,"column":19},"end":{"line":45,"column":93}},"type":"binary-expr","locations":[{"start":{"line":45,"column":19},"end":{"line":45,"column":23}},{"start":{"line":45,"column":27},"end":{"line":45,"column":62}},{"start":{"line":45,"column":66},"end":{"line":45,"column":93}}],"line":45},"12":{"loc":{"start":{"line":49,"column":19},"end":{"line":49,"column":97}},"type":"binary-expr","locations":[{"start":{"line":49,"column":19},"end":{"line":49,"column":40}},{"start":{"line":49,"column":44},"end":{"line":49,"column":97}}],"line":49},"13":{"loc":{"start":{"line":53,"column":4},"end":{"line":55,"column":5}},"type":"if","locations":[{"start":{"line":53,"column":4},"end":{"line":55,"column":5}},{"start":{},"end":{}}],"line":53},"14":{"loc":{"start":{"line":57,"column":4},"end":{"line":59,"column":5}},"type":"if","locations":[{"start":{"line":57,"column":4},"end":{"line":59,"column":5}},{"start":{},"end":{}}],"line":57},"15":{"loc":{"start":{"line":61,"column":4},"end":{"line":63,"column":5}},"type":"if","locations":[{"start":{"line":61,"column":4},"end":{"line":63,"column":5}},{"start":{},"end":{}}],"line":61},"16":{"loc":{"start":{"line":65,"column":4},"end":{"line":67,"column":5}},"type":"if","locations":[{"start":{"line":65,"column":4},"end":{"line":67,"column":5}},{"start":{},"end":{}}],"line":65},"17":{"loc":{"start":{"line":66,"column":13},"end":{"line":66,"column":82}},"type":"cond-expr","locations":[{"start":{"line":66,"column":38},"end":{"line":66,"column":71}},{"start":{"line":66,"column":74},"end":{"line":66,"column":82}}],"line":66},"18":{"loc":{"start":{"line":72,"column":24},"end":{"line":72,"column":51}},"type":"default-arg","locations":[{"start":{"line":72,"column":35},"end":{"line":72,"column":51}}],"line":72},"19":{"loc":{"start":{"line":73,"column":4},"end":{"line":75,"column":5}},"type":"if","locations":[{"start":{"line":73,"column":4},"end":{"line":75,"column":5}},{"start":{},"end":{}}],"line":73},"20":{"loc":{"start":{"line":90,"column":4},"end":{"line":92,"column":5}},"type":"if","locations":[{"start":{"line":90,"column":4},"end":{"line":92,"column":5}},{"start":{},"end":{}}],"line":90},"21":{"loc":{"start":{"line":90,"column":8},"end":{"line":90,"column":41}},"type":"binary-expr","locations":[{"start":{"line":90,"column":8},"end":{"line":90,"column":11}},{"start":{"line":90,"column":15},"end":{"line":90,"column":41}}],"line":90},"22":{"loc":{"start":{"line":96,"column":4},"end":{"line":98,"column":5}},"type":"if","locations":[{"start":{"line":96,"column":4},"end":{"line":98,"column":5}},{"start":{},"end":{}}],"line":96},"23":{"loc":{"start":{"line":100,"column":4},"end":{"line":107,"column":5}},"type":"if","locations":[{"start":{"line":100,"column":4},"end":{"line":107,"column":5}},{"start":{},"end":{}}],"line":100},"24":{"loc":{"start":{"line":103,"column":28},"end":{"line":103,"column":57}},"type":"binary-expr","locations":[{"start":{"line":103,"column":28},"end":{"line":103,"column":51}},{"start":{"line":103,"column":55},"end":{"line":103,"column":57}}],"line":103},"25":{"loc":{"start":{"line":113,"column":4},"end":{"line":115,"column":5}},"type":"if","locations":[{"start":{"line":113,"column":4},"end":{"line":115,"column":5}},{"start":{},"end":{}}],"line":113},"26":{"loc":{"start":{"line":121,"column":15},"end":{"line":121,"column":61}},"type":"cond-expr","locations":[{"start":{"line":121,"column":47},"end":{"line":121,"column":54}},{"start":{"line":121,"column":57},"end":{"line":121,"column":61}}],"line":121},"27":{"loc":{"start":{"line":138,"column":45},"end":{"line":138,"column":96}},"type":"binary-expr","locations":[{"start":{"line":138,"column":45},"end":{"line":138,"column":83}},{"start":{"line":138,"column":87},"end":{"line":138,"column":96}}],"line":138},"28":{"loc":{"start":{"line":146,"column":4},"end":{"line":148,"column":5}},"type":"if","locations":[{"start":{"line":146,"column":4},"end":{"line":148,"column":5}},{"start":{},"end":{}}],"line":146},"29":{"loc":{"start":{"line":146,"column":8},"end":{"line":146,"column":57}},"type":"binary-expr","locations":[{"start":{"line":146,"column":8},"end":{"line":146,"column":21}},{"start":{"line":146,"column":25},"end":{"line":146,"column":57}}],"line":146},"30":{"loc":{"start":{"line":152,"column":30},"end":{"line":152,"column":74}},"type":"binary-expr","locations":[{"start":{"line":152,"column":30},"end":{"line":152,"column":66}},{"start":{"line":152,"column":70},"end":{"line":152,"column":74}}],"line":152},"31":{"loc":{"start":{"line":176,"column":4},"end":{"line":178,"column":5}},"type":"if","locations":[{"start":{"line":176,"column":4},"end":{"line":178,"column":5}},{"start":{},"end":{}}],"line":176},"32":{"loc":{"start":{"line":176,"column":8},"end":{"line":176,"column":59}},"type":"binary-expr","locations":[{"start":{"line":176,"column":8},"end":{"line":176,"column":21}},{"start":{"line":176,"column":25},"end":{"line":176,"column":59}}],"line":176},"33":{"loc":{"start":{"line":191,"column":4},"end":{"line":193,"column":5}},"type":"if","locations":[{"start":{"line":191,"column":4},"end":{"line":193,"column":5}},{"start":{},"end":{}}],"line":191},"34":{"loc":{"start":{"line":203,"column":26},"end":{"line":203,"column":54}},"type":"default-arg","locations":[{"start":{"line":203,"column":37},"end":{"line":203,"column":54}}],"line":203},"35":{"loc":{"start":{"line":205,"column":4},"end":{"line":207,"column":5}},"type":"if","locations":[{"start":{"line":205,"column":4},"end":{"line":207,"column":5}},{"start":{},"end":{}}],"line":205},"36":{"loc":{"start":{"line":212,"column":21},"end":{"line":212,"column":48}},"type":"default-arg","locations":[{"start":{"line":212,"column":32},"end":{"line":212,"column":48}}],"line":212},"37":{"loc":{"start":{"line":214,"column":4},"end":{"line":216,"column":5}},"type":"if","locations":[{"start":{"line":214,"column":4},"end":{"line":216,"column":5}},{"start":{},"end":{}}],"line":214},"38":{"loc":{"start":{"line":220,"column":4},"end":{"line":222,"column":5}},"type":"if","locations":[{"start":{"line":220,"column":4},"end":{"line":222,"column":5}},{"start":{},"end":{}}],"line":220},"39":{"loc":{"start":{"line":231,"column":11},"end":{"line":231,"column":98}},"type":"binary-expr","locations":[{"start":{"line":231,"column":11},"end":{"line":231,"column":85}},{"start":{"line":231,"column":89},"end":{"line":231,"column":98}}],"line":231},"40":{"loc":{"start":{"line":240,"column":11},"end":{"line":240,"column":88}},"type":"binary-expr","locations":[{"start":{"line":240,"column":11},"end":{"line":240,"column":80}},{"start":{"line":240,"column":84},"end":{"line":240,"column":88}}],"line":240},"41":{"loc":{"start":{"line":253,"column":2},"end":{"line":255,"column":3}},"type":"if","locations":[{"start":{"line":253,"column":2},"end":{"line":255,"column":3}},{"start":{},"end":{}}],"line":253},"42":{"loc":{"start":{"line":270,"column":0},"end":{"line":272,"column":1}},"type":"if","locations":[{"start":{"line":270,"column":0},"end":{"line":272,"column":1}},{"start":{},"end":{}}],"line":270}},"s":{"0":0,"1":0,"2":0,"3":0,"4":0,"5":0,"6":0,"7":0,"8":0,"9":0,"10":0,"11":0,"12":0,"13":0,"14":0,"15":0,"16":0,"17":0,"18":0,"19":0,"20":0,"21":0,"22":0,"23":0,"24":0,"25":0,"26":0,"27":0,"28":0,"29":0,"30":0,"31":0,"32":0,"33":0,"34":0,"35":0,"36":0,"37":0,"38":0,"39":0,"40":0,"41":0,"42":0,"43":0,"44":0,"45":0,"46":0,"47":0,"48":0,"49":0,"50":0,"51":0,"52":0,"53":0,"54":0,"55":0,"56":0,"57":0,"58":0,"59":0,"60":0,"61":0,"62":0,"63":0,"64":0,"65":0,"66":0,"67":0,"68":0,"69":0,"70":0,"71":0,"72":0,"73":0,"74":0,"75":0,"76":0,"77":0,"78":0,"79":0,"80":0,"81":0,"82":0,"83":0,"84":0,"85":0,"86":0,"87":0,"88":0,"89":0,"90":0,"91":0,"92":0,"93":0,"94":0,"95":0,"96":0,"97":0,"98":0,"99":0,"100":0,"101":0,"102":0,"103":0,"104":0,"105":0,"106":0,"107":0,"108":0,"109":0,"110":0,"111":0,"112":0,"113":0,"114":0,"115":0,"116":0,"117":0,"118":0,"119":0,"120":0,"121":0},"f":{"0":0,"1":0,"2":0,"3":0,"4":0,"5":0,"6":0,"7":0,"8":0,"9":0,"10":0,"11":0,"12":0,"13":0,"14":0,"15":0,"16":0,"17":0,"18":0,"19":0,"20":0,"21":0,"22":0,"23":0,"24":0,"25":0,"26":0,"27":0},"b":{"0":[0,0],"1":[0,0],"2":[0,0],"3":[0,0],"4":[0,0],"5":[0,0],"6":[0,0],"7":[0],"8":[0,0],"9":[0,0],"10":[0,0,0,0],"11":[0,0,0],"12":[0,0],"13":[0,0],"14":[0,0],"15":[0,0],"16":[0,0],"17":[0,0],"18":[0],"19":[0,0],"20":[0,0],"21":[0,0],"22":[0,0],"23":[0,0],"24":[0,0],"25":[0,0],"26":[0,0],"27":[0,0],"28":[0,0],"29":[0,0],"30":[0,0],"31":[0,0],"32":[0,0],"33":[0,0],"34":[0],"35":[0,0],"36":[0],"37":[0,0],"38":[0,0],"39":[0,0],"40":[0,0],"41":[0,0],"42":[0,0]}}
}
