TN:
SF:src/ToolNexus.Web/wwwroot/js/tools/case-converter.js
FN:37,resolveAction
FN:44,(anonymous_1)
FN:48,(anonymous_2)
FN:52,(anonymous_3)
FN:56,(anonymous_4)
FN:62,(anonymous_5)
FN:69,(anonymous_6)
FN:73,(anonymous_7)
FN:77,(anonymous_8)
FN:84,(anonymous_9)
FN:95,(anonymous_10)
FN:97,(anonymous_11)
FN:106,(anonymous_12)
FN:112,(anonymous_13)
FN:118,(anonymous_14)
FN:128,(anonymous_15)
FN:152,(anonymous_16)
FN:156,(anonymous_17)
FN:164,(anonymous_18)
FN:168,(anonymous_19)
FN:175,(anonymous_20)
FN:177,(anonymous_21)
FN:181,(anonymous_22)
FN:183,(anonymous_23)
FN:190,(anonymous_24)
FN:208,(anonymous_25)
FN:215,(anonymous_26)
FN:229,(anonymous_27)
FN:232,(anonymous_28)
FN:243,(anonymous_29)
FN:266,(anonymous_30)
FN:282,(anonymous_31)
FN:298,(anonymous_32)
FN:308,(anonymous_33)
FN:315,(anonymous_34)
FN:321,(anonymous_35)
FN:326,(anonymous_36)
FN:331,(anonymous_37)
FN:339,(anonymous_38)
FN:349,(anonymous_39)
FN:359,(anonymous_40)
FN:369,(anonymous_41)
FN:382,(anonymous_42)
FN:390,(anonymous_43)
FN:405,(anonymous_44)
FN:411,(anonymous_45)
FN:412,(anonymous_46)
FN:418,(anonymous_47)
FN:420,(anonymous_48)
FN:426,(anonymous_49)
FN:428,(anonymous_50)
FN:437,runTool
FN:447,resolveRoot
FN:455,requireRuntimeRoot
FN:465,create
FN:474,(anonymous_55)
FN:479,(anonymous_56)
FN:483,init
FN:498,destroy
FNF:59
FNH:0
FNDA:0,resolveAction
FNDA:0,(anonymous_1)
FNDA:0,(anonymous_2)
FNDA:0,(anonymous_3)
FNDA:0,(anonymous_4)
FNDA:0,(anonymous_5)
FNDA:0,(anonymous_6)
FNDA:0,(anonymous_7)
FNDA:0,(anonymous_8)
FNDA:0,(anonymous_9)
FNDA:0,(anonymous_10)
FNDA:0,(anonymous_11)
FNDA:0,(anonymous_12)
FNDA:0,(anonymous_13)
FNDA:0,(anonymous_14)
FNDA:0,(anonymous_15)
FNDA:0,(anonymous_16)
FNDA:0,(anonymous_17)
FNDA:0,(anonymous_18)
FNDA:0,(anonymous_19)
FNDA:0,(anonymous_20)
FNDA:0,(anonymous_21)
FNDA:0,(anonymous_22)
FNDA:0,(anonymous_23)
FNDA:0,(anonymous_24)
FNDA:0,(anonymous_25)
FNDA:0,(anonymous_26)
FNDA:0,(anonymous_27)
FNDA:0,(anonymous_28)
FNDA:0,(anonymous_29)
FNDA:0,(anonymous_30)
FNDA:0,(anonymous_31)
FNDA:0,(anonymous_32)
FNDA:0,(anonymous_33)
FNDA:0,(anonymous_34)
FNDA:0,(anonymous_35)
FNDA:0,(anonymous_36)
FNDA:0,(anonymous_37)
FNDA:0,(anonymous_38)
FNDA:0,(anonymous_39)
FNDA:0,(anonymous_40)
FNDA:0,(anonymous_41)
FNDA:0,(anonymous_42)
FNDA:0,(anonymous_43)
FNDA:0,(anonymous_44)
FNDA:0,(anonymous_45)
FNDA:0,(anonymous_46)
FNDA:0,(anonymous_47)
FNDA:0,(anonymous_48)
FNDA:0,(anonymous_49)
FNDA:0,(anonymous_50)
FNDA:0,runTool
FNDA:0,resolveRoot
FNDA:0,requireRuntimeRoot
FNDA:0,create
FNDA:0,(anonymous_55)
FNDA:0,(anonymous_56)
FNDA:0,init
FNDA:0,destroy
DA:5,0
DA:20,0
DA:26,0
DA:27,0
DA:28,0
DA:35,0
DA:38,0
DA:39,0
DA:40,0
DA:43,0
DA:45,0
DA:49,0
DA:53,0
DA:57,0
DA:58,0
DA:59,0
DA:63,0
DA:64,0
DA:68,0
DA:70,0
DA:71,0
DA:73,0
DA:78,0
DA:79,0
DA:83,0
DA:85,0
DA:87,0
DA:93,0
DA:95,0
DA:97,0
DA:105,0
DA:107,0
DA:108,0
DA:109,0
DA:111,0
DA:112,0
DA:115,0
DA:119,0
DA:120,0
DA:122,0
DA:124,0
DA:126,0
DA:128,0
DA:130,0
DA:132,0
DA:134,0
DA:136,0
DA:138,0
DA:140,0
DA:142,0
DA:144,0
DA:146,0
DA:148,0
DA:153,0
DA:155,0
DA:157,0
DA:158,0
DA:159,0
DA:165,0
DA:167,0
DA:169,0
DA:170,0
DA:176,0
DA:177,0
DA:182,0
DA:184,0
DA:185,0
DA:191,0
DA:192,0
DA:194,0
DA:195,0
DA:196,0
DA:197,0
DA:199,0
DA:203,0
DA:207,0
DA:209,0
DA:210,0
DA:216,0
DA:217,0
DA:219,0
DA:220,0
DA:221,0
DA:222,0
DA:223,0
DA:224,0
DA:226,0
DA:227,0
DA:228,0
DA:229,0
DA:233,0
DA:235,0
DA:236,0
DA:237,0
DA:238,0
DA:239,0
DA:240,0
DA:244,0
DA:245,0
DA:246,0
DA:249,0
DA:250,0
DA:251,0
DA:267,0
DA:282,0
DA:283,0
DA:284,0
DA:285,0
DA:286,0
DA:287,0
DA:288,0
DA:291,0
DA:292,0
DA:295,0
DA:296,0
DA:298,0
DA:299,0
DA:300,0
DA:301,0
DA:302,0
DA:303,0
DA:304,0
DA:309,0
DA:310,0
DA:311,0
DA:312,0
DA:313,0
DA:315,0
DA:316,0
DA:317,0
DA:318,0
DA:321,0
DA:322,0
DA:323,0
DA:326,0
DA:327,0
DA:328,0
DA:331,0
DA:332,0
DA:333,0
DA:334,0
DA:335,0
DA:336,0
DA:339,0
DA:340,0
DA:341,0
DA:342,0
DA:343,0
DA:344,0
DA:345,0
DA:346,0
DA:349,0
DA:350,0
DA:351,0
DA:352,0
DA:353,0
DA:354,0
DA:355,0
DA:356,0
DA:359,0
DA:360,0
DA:361,0
DA:362,0
DA:363,0
DA:364,0
DA:367,0
DA:370,0
DA:371,0
DA:372,0
DA:373,0
DA:374,0
DA:375,0
DA:376,0
DA:377,0
DA:380,0
DA:381,0
DA:382,0
DA:387,0
DA:391,0
DA:392,0
DA:394,0
DA:395,0
DA:396,0
DA:398,0
DA:406,0
DA:407,0
DA:408,0
DA:412,0
DA:413,0
DA:414,0
DA:419,0
DA:420,0
DA:421,0
DA:422,0
DA:427,0
DA:428,0
DA:429,0
DA:430,0
DA:431,0
DA:432,0
DA:438,0
DA:439,0
DA:440,0
DA:441,0
DA:443,0
DA:448,0
DA:449,0
DA:452,0
DA:456,0
DA:457,0
DA:458,0
DA:461,0
DA:466,0
DA:467,0
DA:468,0
DA:471,0
DA:475,0
DA:476,0
DA:477,0
DA:479,0
DA:484,0
DA:485,0
DA:486,0
DA:489,0
DA:490,0
DA:491,0
DA:494,0
DA:495,0
DA:499,0
DA:500,0
LF:230
LH:0
BRDA:38,0,0,0
BRDA:38,0,1,0
BRDA:39,1,0,0
BRDA:39,1,1,0
BRDA:40,2,0,0
BRDA:40,2,1,0
BRDA:45,3,0,0
BRDA:45,3,1,0
BRDA:57,4,0,0
BRDA:57,4,1,0
BRDA:64,5,0,0
BRDA:64,5,1,0
BRDA:70,6,0,0
BRDA:70,6,1,0
BRDA:78,7,0,0
BRDA:78,7,1,0
BRDA:85,8,0,0
BRDA:85,8,1,0
BRDA:119,9,0,0
BRDA:119,9,1,0
BRDA:122,10,0,0
BRDA:122,10,1,0
BRDA:122,10,2,0
BRDA:122,10,3,0
BRDA:122,10,4,0
BRDA:122,10,5,0
BRDA:122,10,6,0
BRDA:122,10,7,0
BRDA:122,10,8,0
BRDA:122,10,9,0
BRDA:122,10,10,0
BRDA:122,10,11,0
BRDA:122,10,12,0
BRDA:128,11,0,0
BRDA:128,11,1,0
BRDA:153,12,0,0
BRDA:153,12,1,0
BRDA:157,13,0,0
BRDA:157,13,1,0
BRDA:158,14,0,0
BRDA:158,14,1,0
BRDA:165,15,0,0
BRDA:165,15,1,0
BRDA:169,16,0,0
BRDA:169,16,1,0
BRDA:170,17,0,0
BRDA:170,17,1,0
BRDA:177,18,0,0
BRDA:177,18,1,0
BRDA:184,19,0,0
BRDA:184,19,1,0
BRDA:195,20,0,0
BRDA:195,20,1,0
BRDA:196,21,0,0
BRDA:196,21,1,0
BRDA:217,22,0,0
BRDA:217,22,1,0
BRDA:233,23,0,0
BRDA:233,23,1,0
BRDA:233,24,0,0
BRDA:233,24,1,0
BRDA:233,24,2,0
BRDA:245,25,0,0
BRDA:245,25,1,0
BRDA:250,26,0,0
BRDA:250,26,1,0
BRDA:284,27,0,0
BRDA:284,27,1,0
BRDA:291,28,0,0
BRDA:291,28,1,0
BRDA:296,29,0,0
BRDA:296,29,1,0
BRDA:303,30,0,0
BRDA:303,30,1,0
BRDA:318,31,0,0
BRDA:318,31,1,0
BRDA:323,32,0,0
BRDA:323,32,1,0
BRDA:328,33,0,0
BRDA:328,33,1,0
BRDA:341,34,0,0
BRDA:341,34,1,0
BRDA:343,35,0,0
BRDA:343,35,1,0
BRDA:351,36,0,0
BRDA:351,36,1,0
BRDA:353,37,0,0
BRDA:353,37,1,0
BRDA:361,38,0,0
BRDA:361,38,1,0
BRDA:362,39,0,0
BRDA:362,39,1,0
BRDA:370,40,0,0
BRDA:370,40,1,0
BRDA:370,41,0,0
BRDA:370,41,1,0
BRDA:372,42,0,0
BRDA:372,42,1,0
BRDA:380,43,0,0
BRDA:380,43,1,0
BRDA:380,44,0,0
BRDA:380,44,1,0
BRDA:380,44,2,0
BRDA:392,45,0,0
BRDA:392,45,1,0
BRDA:394,46,0,0
BRDA:394,46,1,0
BRDA:406,47,0,0
BRDA:406,47,1,0
BRDA:407,48,0,0
BRDA:407,48,1,0
BRDA:408,49,0,0
BRDA:408,49,1,0
BRDA:408,50,0,0
BRDA:408,50,1,0
BRDA:419,51,0,0
BRDA:419,51,1,0
BRDA:421,52,0,0
BRDA:421,52,1,0
BRDA:421,53,0,0
BRDA:421,53,1,0
BRDA:430,54,0,0
BRDA:430,54,1,0
BRDA:448,55,0,0
BRDA:448,55,1,0
BRDA:448,56,0,0
BRDA:448,56,1,0
BRDA:457,57,0,0
BRDA:457,57,1,0
BRDA:467,58,0,0
BRDA:467,58,1,0
BRDA:485,59,0,0
BRDA:485,59,1,0
BRDA:490,60,0,0
BRDA:490,60,1,0
BRF:135
BRH:0
end_of_record
TN:
SF:src/ToolNexus.Web/wwwroot/js/tools/keyboard-event-manager.js
FN:4,(anonymous_0)
FN:11,(anonymous_1)
FN:13,(anonymous_2)
FN:28,(anonymous_3)
FN:33,(anonymous_4)
FN:43,(anonymous_5)
FN:48,(anonymous_6)
FN:56,(anonymous_7)
FN:58,(anonymous_8)
FN:73,(anonymous_9)
FN:94,(anonymous_10)
FN:98,(anonymous_11)
FN:102,(anonymous_12)
FN:106,(anonymous_13)
FN:119,getKeyboardEventManager
FN:127,resetKeyboardEventManagerForTesting
FNF:16
FNH:0
FNDA:0,(anonymous_0)
FNDA:0,(anonymous_1)
FNDA:0,(anonymous_2)
FNDA:0,(anonymous_3)
FNDA:0,(anonymous_4)
FNDA:0,(anonymous_5)
FNDA:0,(anonymous_6)
FNDA:0,(anonymous_7)
FNDA:0,(anonymous_8)
FNDA:0,(anonymous_9)
FNDA:0,(anonymous_10)
FNDA:0,(anonymous_11)
FNDA:0,(anonymous_12)
FNDA:0,(anonymous_13)
FNDA:0,getKeyboardEventManager
FNDA:0,resetKeyboardEventManagerForTesting
DA:1,0
DA:5,0
DA:6,0
DA:7,0
DA:8,0
DA:12,0
DA:13,0
DA:16,0
DA:17,0
DA:25,0
DA:26,0
DA:28,0
DA:29,0
DA:34,0
DA:35,0
DA:36,0
DA:39,0
DA:40,0
DA:44,0
DA:45,0
DA:48,0
DA:49,0
DA:52,0
DA:53,0
DA:57,0
DA:58,0
DA:60,0
DA:61,0
DA:64,0
DA:65,0
DA:66,0
DA:69,0
DA:70,0
DA:74,0
DA:75,0
DA:77,0
DA:78,0
DA:79,0
DA:80,0
DA:83,0
DA:84,0
DA:87,0
DA:88,0
DA:89,0
DA:95,0
DA:99,0
DA:103,0
DA:107,0
DA:108,0
DA:111,0
DA:112,0
DA:113,0
DA:120,0
DA:121,0
DA:124,0
DA:128,0
DA:129,0
DA:132,0
DA:133,0
LF:59
LH:0
BRDA:4,0,0,0
BRDA:12,1,0,0
BRDA:12,1,1,0
BRDA:12,2,0,0
BRDA:12,2,1,0
BRDA:35,3,0,0
BRDA:35,3,1,0
BRDA:44,4,0,0
BRDA:44,4,1,0
BRDA:60,5,0,0
BRDA:60,5,1,0
BRDA:65,6,0,0
BRDA:65,6,1,0
BRDA:78,7,0,0
BRDA:78,7,1,0
BRDA:83,8,0,0
BRDA:83,8,1,0
BRDA:88,9,0,0
BRDA:88,9,1,0
BRDA:95,10,0,0
BRDA:95,10,1,0
BRDA:120,11,0,0
BRDA:120,11,1,0
BRDA:128,12,0,0
BRDA:128,12,1,0
BRF:25
BRH:0
end_of_record
TN:
SF:src/ToolNexus.Web/wwwroot/js/tools/tool-platform-kernel.js
FN:4,noop
FN:6,normalizeRoot
FN:22,resolveLifecycleInitRoot
FN:40,(anonymous_3)
FN:44,(anonymous_4)
FN:48,(anonymous_5)
FN:52,(anonymous_6)
FN:72,(anonymous_7)
FN:85,(anonymous_8)
FN:89,(anonymous_9)
FN:130,(anonymous_10)
FN:131,(anonymous_11)
FN:132,(anonymous_12)
FN:144,(anonymous_13)
FN:164,(anonymous_14)
FN:168,(anonymous_15)
FN:174,(anonymous_16)
FN:198,(anonymous_17)
FN:203,(anonymous_18)
FN:212,(anonymous_19)
FN:229,(anonymous_20)
FN:234,(anonymous_21)
FN:238,(anonymous_22)
FN:243,(anonymous_23)
FN:252,getToolPlatformKernel
FN:260,resetToolPlatformKernelForTesting
FN:267,(anonymous_26)
FN:268,(anonymous_27)
FNF:28
FNH:0
FNDA:0,noop
FNDA:0,normalizeRoot
FNDA:0,resolveLifecycleInitRoot
FNDA:0,(anonymous_3)
FNDA:0,(anonymous_4)
FNDA:0,(anonymous_5)
FNDA:0,(anonymous_6)
FNDA:0,(anonymous_7)
FNDA:0,(anonymous_8)
FNDA:0,(anonymous_9)
FNDA:0,(anonymous_10)
FNDA:0,(anonymous_11)
FNDA:0,(anonymous_12)
FNDA:0,(anonymous_13)
FNDA:0,(anonymous_14)
FNDA:0,(anonymous_15)
FNDA:0,(anonymous_16)
FNDA:0,(anonymous_17)
FNDA:0,(anonymous_18)
FNDA:0,(anonymous_19)
FNDA:0,(anonymous_20)
FNDA:0,(anonymous_21)
FNDA:0,(anonymous_22)
FNDA:0,(anonymous_23)
FNDA:0,getToolPlatformKernel
FNDA:0,resetToolPlatformKernelForTesting
FNDA:0,(anonymous_26)
FNDA:0,(anonymous_27)
DA:1,0
DA:2,0
DA:7,0
DA:8,0
DA:9,0
DA:10,0
DA:11,0
DA:12,0
DA:13,0
DA:15,0
DA:16,0
DA:18,0
DA:23,0
DA:25,0
DA:28,0
DA:33,0
DA:41,0
DA:45,0
DA:49,0
DA:53,0
DA:54,0
DA:57,0
DA:58,0
DA:61,0
DA:62,0
DA:65,0
DA:66,0
DA:69,0
DA:73,0
DA:74,0
DA:77,0
DA:86,0
DA:90,0
DA:91,0
DA:94,0
DA:96,0
DA:97,0
DA:100,0
DA:101,0
DA:109,0
DA:111,0
DA:112,0
DA:113,0
DA:114,0
DA:117,0
DA:127,0
DA:130,0
DA:131,0
DA:132,0
DA:135,0
DA:136,0
DA:138,0
DA:139,0
DA:141,0
DA:145,0
DA:146,0
DA:147,0
DA:150,0
DA:151,0
DA:152,0
DA:153,0
DA:155,0
DA:156,0
DA:157,0
DA:158,0
DA:161,0
DA:165,0
DA:169,0
DA:170,0
DA:171,0
DA:175,0
DA:176,0
DA:177,0
DA:180,0
DA:181,0
DA:183,0
DA:184,0
DA:187,0
DA:189,0
DA:190,0
DA:191,0
DA:192,0
DA:195,0
DA:199,0
DA:200,0
DA:204,0
DA:205,0
DA:206,0
DA:209,0
DA:213,0
DA:214,0
DA:215,0
DA:218,0
DA:220,0
DA:221,0
DA:224,0
DA:225,0
DA:226,0
DA:230,0
DA:231,0
DA:235,0
DA:239,0
DA:240,0
DA:244,0
DA:245,0
DA:253,0
DA:254,0
DA:257,0
DA:261,0
DA:262,0
DA:265,0
DA:267,0
DA:268,0
DA:270,0
DA:271,0
LF:115
LH:0
BRDA:7,0,0,0
BRDA:7,0,1,0
BRDA:8,1,0,0
BRDA:8,1,1,0
BRDA:9,2,0,0
BRDA:9,2,1,0
BRDA:10,3,0,0
BRDA:10,3,1,0
BRDA:11,4,0,0
BRDA:11,4,1,0
BRDA:12,5,0,0
BRDA:12,5,1,0
BRDA:15,6,0,0
BRDA:15,6,1,0
BRDA:22,7,0,0
BRDA:25,8,0,0
BRDA:25,8,1,0
BRDA:25,9,0,0
BRDA:25,9,1,0
BRDA:28,10,0,0
BRDA:28,10,1,0
BRDA:28,10,2,0
BRDA:28,10,3,0
BRDA:45,11,0,0
BRDA:45,11,1,0
BRDA:45,11,2,0
BRDA:49,12,0,0
BRDA:49,12,1,0
BRDA:53,13,0,0
BRDA:53,13,1,0
BRDA:57,14,0,0
BRDA:57,14,1,0
BRDA:61,15,0,0
BRDA:61,15,1,0
BRDA:65,16,0,0
BRDA:65,16,1,0
BRDA:66,17,0,0
BRDA:66,17,1,0
BRDA:72,18,0,0
BRDA:73,19,0,0
BRDA:73,19,1,0
BRDA:90,20,0,0
BRDA:90,20,1,0
BRDA:90,21,0,0
BRDA:90,21,1,0
BRDA:96,22,0,0
BRDA:96,22,1,0
BRDA:100,23,0,0
BRDA:100,23,1,0
BRDA:103,24,0,0
BRDA:103,24,1,0
BRDA:113,25,0,0
BRDA:113,25,1,0
BRDA:121,26,0,0
BRDA:121,26,1,0
BRDA:138,27,0,0
BRDA:138,27,1,0
BRDA:146,28,0,0
BRDA:146,28,1,0
BRDA:146,29,0,0
BRDA:146,29,1,0
BRDA:152,30,0,0
BRDA:152,30,1,0
BRDA:176,31,0,0
BRDA:176,31,1,0
BRDA:176,32,0,0
BRDA:176,32,1,0
BRDA:191,33,0,0
BRDA:191,33,1,0
BRDA:203,34,0,0
BRDA:205,35,0,0
BRDA:205,35,1,0
BRDA:212,36,0,0
BRDA:214,37,0,0
BRDA:214,37,1,0
BRDA:220,38,0,0
BRDA:220,38,1,0
BRDA:231,39,0,0
BRDA:231,39,1,0
BRDA:240,40,0,0
BRDA:240,40,1,0
BRDA:253,41,0,0
BRDA:253,41,1,0
BRDA:270,42,0,0
BRDA:270,42,1,0
BRF:85
BRH:0
end_of_record
